Copyright 1986-2022 Xilinx, Inc. All Rights Reserved. Copyright 2022-2023 Advanced Micro Devices, Inc. All Rights Reserved.
---------------------------------------------------------------------------------------------------------------------------------------------
| Tool Version : Vivado v.2023.2 (win64) Build 4029153 Fri Oct 13 20:14:34 MDT 2023
| Date         : Thu Apr 18 14:00:17 2024
| Host         : 1Baris running 64-bit major release  (build 9200)
| Command      : report_control_sets -verbose -file multifunctionRegister_control_sets_placed.rpt
| Design       : multifunctionRegister
| Device       : xc7a35t
---------------------------------------------------------------------------------------------------------------------------------------------

Control Set Information

Table of Contents
-----------------
1. Summary
2. Histogram
3. Flip-Flop Distribution
4. Detailed Control Set Information

1. Summary
----------

+----------------------------------------------------------+-------+
|                          Status                          | Count |
+----------------------------------------------------------+-------+
| Total control sets                                       |     9 |
|    Minimum number of control sets                        |     9 |
|    Addition due to synthesis replication                 |     0 |
|    Addition due to physical synthesis replication        |     0 |
| Unused register locations in slices containing registers |    32 |
+----------------------------------------------------------+-------+
* Control sets can be merged at opt_design using control_set_merge or merge_equivalent_drivers
** Run report_qor_suggestions for automated merging and remapping suggestions


2. Histogram
------------

+--------------------+-------+
|       Fanout       | Count |
+--------------------+-------+
| Total control sets |     9 |
| >= 0 to < 4        |     4 |
| >= 4 to < 6        |     1 |
| >= 6 to < 8        |     0 |
| >= 8 to < 10       |     0 |
| >= 10 to < 12      |     0 |
| >= 12 to < 14      |     0 |
| >= 14 to < 16      |     0 |
| >= 16              |     4 |
+--------------------+-------+
* Control sets can be remapped at either synth_design or opt_design


3. Flip-Flop Distribution
-------------------------

+--------------+-----------------------+------------------------+-----------------+--------------+
| Clock Enable | Synchronous Set/Reset | Asynchronous Set/Reset | Total Registers | Total Slices |
+--------------+-----------------------+------------------------+-----------------+--------------+
| No           | No                    | No                     |               8 |            7 |
| No           | No                    | Yes                    |               0 |            0 |
| No           | Yes                   | No                     |             128 |           32 |
| Yes          | No                    | No                     |               0 |            0 |
| Yes          | No                    | Yes                    |               0 |            0 |
| Yes          | Yes                   | No                     |               0 |            0 |
+--------------+-----------------------+------------------------+-----------------+--------------+


4. Detailed Control Set Information
-----------------------------------

+----------------------------+---------------+-----------------------------------+------------------+----------------+--------------+
|        Clock Signal        | Enable Signal |          Set/Reset Signal         | Slice Load Count | Bel Load Count | Bels / Slice |
+----------------------------+---------------+-----------------------------------+------------------+----------------+--------------+
|  ff1/divider/clk_out       |               |                                   |                1 |              1 |         1.00 |
|  ff2/divider/clk_out_reg_0 |               |                                   |                1 |              1 |         1.00 |
|  ff3/divider/clk_out_reg_0 |               |                                   |                1 |              1 |         1.00 |
|  ff4/divider/clk_out_reg_0 |               |                                   |                1 |              1 |         1.00 |
|  clk_IBUF_BUFG             |               |                                   |                3 |              4 |         1.33 |
|  clk_IBUF_BUFG             |               | ff1/divider/clear                 |                8 |             32 |         4.00 |
|  clk_IBUF_BUFG             |               | ff2/divider/counter0_carry__2_n_0 |                8 |             32 |         4.00 |
|  clk_IBUF_BUFG             |               | ff3/divider/counter0_carry__2_n_0 |                8 |             32 |         4.00 |
|  clk_IBUF_BUFG             |               | ff4/divider/counter0_carry__2_n_0 |                8 |             32 |         4.00 |
+----------------------------+---------------+-----------------------------------+------------------+----------------+--------------+


