
*** Running vivado
    with args -log top_module.vds -m64 -product Vivado -mode batch -messageDb vivado.pb -notrace -source top_module.tcl


ECHO is off.
ECHO is off.

****** Vivado v2023.2 (64-bit)
  **** SW Build 4029153 on Fri Oct 13 20:14:34 MDT 2023
  **** IP Build 4028589 on Sat Oct 14 00:45:43 MDT 2023
  **** SharedData Build 4025554 on Tue Oct 10 17:18:54 MDT 2023
    ** Copyright 1986-2022 Xilinx, Inc. All Rights Reserved.
    ** Copyright 2022-2023 Advanced Micro Devices, Inc. All Rights Reserved.

source top_module.tcl -notrace
create_project: Time (s): cpu = 00:00:02 ; elapsed = 00:00:06 . Memory (MB): peak = 484.656 ; gain = 178.043
Command: read_checkpoint -auto_incremental -incremental {C:/Users/pamuk/Desktop/CS docs/CS-223/PROJECT/project_1/project_1.srcs/utils_1/imports/synth_1/Uart_rx.dcp}
INFO: [Vivado 12-5825] Read reference checkpoint from C:/Users/pamuk/Desktop/CS docs/CS-223/PROJECT/project_1/project_1.srcs/utils_1/imports/synth_1/Uart_rx.dcp for incremental synthesis
INFO: [Vivado 12-7989] Please ensure there are no constraint changes
Command: synth_design -top top_module -part xc7a35tcpg236-1
Starting synth_design
Attempting to get a license for feature 'Synthesis' and/or device 'xc7a35t'
INFO: [Common 17-349] Got license for feature 'Synthesis' and/or device 'xc7a35t'
INFO: [Device 21-403] Loading part xc7a35tcpg236-1
INFO: [Designutils 20-5440] No compile time benefit to using incremental synthesis; A full resynthesis will be run
INFO: [Designutils 20-4379] Flow is switching to default flow due to incremental criteria not met. If you would like to alter this behaviour and have the flow terminate instead, please set the following parameter config_implementation {autoIncr.Synth.RejectBehavior Terminate}
INFO: [Synth 8-7079] Multithreading enabled for synth_design using a maximum of 2 processes.
INFO: [Synth 8-7078] Launching helper process for spawning children vivado processes
INFO: [Synth 8-7075] Helper process launched with PID 28352
---------------------------------------------------------------------------------
Starting RTL Elaboration : Time (s): cpu = 00:00:02 ; elapsed = 00:00:05 . Memory (MB): peak = 1319.102 ; gain = 438.266
---------------------------------------------------------------------------------
INFO: [Synth 8-11241] undeclared symbol 'inRDisplay_out', assumed default net type 'wire' [C:/Users/pamuk/Desktop/CS docs/CS-223/PROJECT/project_1/project_1.srcs/sources_1/new/top_module.sv:31]
INFO: [Synth 8-11241] undeclared symbol 'ButtonUpLogic', assumed default net type 'wire' [C:/Users/pamuk/Desktop/CS docs/CS-223/PROJECT/project_1/project_1.srcs/sources_1/new/top_module.sv:33]
INFO: [Synth 8-6157] synthesizing module 'top_module' [C:/Users/pamuk/Desktop/CS docs/CS-223/PROJECT/project_1/project_1.srcs/sources_1/new/top_module.sv:1]
INFO: [Synth 8-6157] synthesizing module 'debounce' [C:/Users/pamuk/Desktop/CS docs/CS-223/PROJECT/project_1/project_1.srcs/sources_1/new/debounce.sv:1]
INFO: [Synth 8-6155] done synthesizing module 'debounce' (0#1) [C:/Users/pamuk/Desktop/CS docs/CS-223/PROJECT/project_1/project_1.srcs/sources_1/new/debounce.sv:1]
INFO: [Synth 8-6157] synthesizing module 'ButtonUpLogic' [C:/Users/pamuk/Desktop/CS docs/CS-223/PROJECT/project_1/project_1.srcs/sources_1/new/ButtonUpLogic.sv:1]
INFO: [Synth 8-6155] done synthesizing module 'ButtonUpLogic' (0#1) [C:/Users/pamuk/Desktop/CS docs/CS-223/PROJECT/project_1/project_1.srcs/sources_1/new/ButtonUpLogic.sv:1]
INFO: [Synth 8-6157] synthesizing module 'displayMemory' [C:/Users/pamuk/Desktop/CS docs/CS-223/PROJECT/project_1/project_1.srcs/sources_1/new/displayMemory.sv:1]
INFO: [Synth 8-6155] done synthesizing module 'displayMemory' (0#1) [C:/Users/pamuk/Desktop/CS docs/CS-223/PROJECT/project_1/project_1.srcs/sources_1/new/displayMemory.sv:1]
INFO: [Synth 8-6157] synthesizing module 'tx' [C:/Users/pamuk/Desktop/CS docs/CS-223/PROJECT/project_1/project_1.srcs/sources_1/new/tx.sv:1]
INFO: [Synth 8-226] default block is never used [C:/Users/pamuk/Desktop/CS docs/CS-223/PROJECT/project_1/project_1.srcs/sources_1/new/tx.sv:25]
INFO: [Synth 8-6155] done synthesizing module 'tx' (0#1) [C:/Users/pamuk/Desktop/CS docs/CS-223/PROJECT/project_1/project_1.srcs/sources_1/new/tx.sv:1]
INFO: [Synth 8-6157] synthesizing module 'rx' [C:/Users/pamuk/Desktop/CS docs/CS-223/PROJECT/project_1/project_1.srcs/sources_1/new/rx.sv:1]
INFO: [Synth 8-226] default block is never used [C:/Users/pamuk/Desktop/CS docs/CS-223/PROJECT/project_1/project_1.srcs/sources_1/new/rx.sv:27]
INFO: [Synth 8-6155] done synthesizing module 'rx' (0#1) [C:/Users/pamuk/Desktop/CS docs/CS-223/PROJECT/project_1/project_1.srcs/sources_1/new/rx.sv:1]
INFO: [Synth 8-6155] done synthesizing module 'top_module' (0#1) [C:/Users/pamuk/Desktop/CS docs/CS-223/PROJECT/project_1/project_1.srcs/sources_1/new/top_module.sv:1]
WARNING: [Synth 8-6014] Unused sequential element counter_reg was removed.  [C:/Users/pamuk/Desktop/CS docs/CS-223/PROJECT/project_1/project_1.srcs/sources_1/new/displayMemory.sv:80]
WARNING: [Synth 8-6014] Unused sequential element parity_bit_reg was removed.  [C:/Users/pamuk/Desktop/CS docs/CS-223/PROJECT/project_1/project_1.srcs/sources_1/new/tx.sv:41]
WARNING: [Synth 8-6014] Unused sequential element parityBit_reg was removed.  [C:/Users/pamuk/Desktop/CS docs/CS-223/PROJECT/project_1/project_1.srcs/sources_1/new/rx.sv:69]
---------------------------------------------------------------------------------
Finished RTL Elaboration : Time (s): cpu = 00:00:03 ; elapsed = 00:00:07 . Memory (MB): peak = 1430.785 ; gain = 549.949
---------------------------------------------------------------------------------
---------------------------------------------------------------------------------
Start Handling Custom Attributes
---------------------------------------------------------------------------------
---------------------------------------------------------------------------------
Finished Handling Custom Attributes : Time (s): cpu = 00:00:03 ; elapsed = 00:00:07 . Memory (MB): peak = 1430.785 ; gain = 549.949
---------------------------------------------------------------------------------
---------------------------------------------------------------------------------
Finished RTL Optimization Phase 1 : Time (s): cpu = 00:00:03 ; elapsed = 00:00:07 . Memory (MB): peak = 1430.785 ; gain = 549.949
---------------------------------------------------------------------------------
Netlist sorting complete. Time (s): cpu = 00:00:00 ; elapsed = 00:00:00.006 . Memory (MB): peak = 1430.785 ; gain = 0.000
INFO: [Project 1-570] Preparing netlist for logic optimization

Processing XDC Constraints
Initializing timing engine
Parsing XDC File [C:/Users/pamuk/Desktop/CS docs/CS-223/PROJECT/project_1/project_1.srcs/constrs_1/new/Basys4.xdc]
WARNING: [Vivado 12-507] No nets matched 'buttonLoad_IBUF'. [C:/Users/pamuk/Desktop/CS docs/CS-223/PROJECT/project_1/project_1.srcs/constrs_1/new/Basys4.xdc:2]
CRITICAL WARNING: [Common 17-55] 'set_property' expects at least one object. [C:/Users/pamuk/Desktop/CS docs/CS-223/PROJECT/project_1/project_1.srcs/constrs_1/new/Basys4.xdc:2]
Resolution: If [get_<value>] was used to populate the object, check to make sure this command returns at least one valid object.
WARNING: [Vivado 12-584] No ports matched 'data_to_Transfer[7]'. [C:/Users/pamuk/Desktop/CS docs/CS-223/PROJECT/project_1/project_1.srcs/constrs_1/new/Basys4.xdc:4]
CRITICAL WARNING: [Common 17-55] 'set_property' expects at least one object. [C:/Users/pamuk/Desktop/CS docs/CS-223/PROJECT/project_1/project_1.srcs/constrs_1/new/Basys4.xdc:4]
Resolution: If [get_<value>] was used to populate the object, check to make sure this command returns at least one valid object.
WARNING: [Vivado 12-584] No ports matched 'data_to_Transfer[7]'. [C:/Users/pamuk/Desktop/CS docs/CS-223/PROJECT/project_1/project_1.srcs/constrs_1/new/Basys4.xdc:5]
CRITICAL WARNING: [Common 17-55] 'set_property' expects at least one object. [C:/Users/pamuk/Desktop/CS docs/CS-223/PROJECT/project_1/project_1.srcs/constrs_1/new/Basys4.xdc:5]
Resolution: If [get_<value>] was used to populate the object, check to make sure this command returns at least one valid object.
WARNING: [Vivado 12-584] No ports matched 'data_to_Transfer[6]'. [C:/Users/pamuk/Desktop/CS docs/CS-223/PROJECT/project_1/project_1.srcs/constrs_1/new/Basys4.xdc:6]
CRITICAL WARNING: [Common 17-55] 'set_property' expects at least one object. [C:/Users/pamuk/Desktop/CS docs/CS-223/PROJECT/project_1/project_1.srcs/constrs_1/new/Basys4.xdc:6]
Resolution: If [get_<value>] was used to populate the object, check to make sure this command returns at least one valid object.
WARNING: [Vivado 12-584] No ports matched 'data_to_Transfer[5]'. [C:/Users/pamuk/Desktop/CS docs/CS-223/PROJECT/project_1/project_1.srcs/constrs_1/new/Basys4.xdc:7]
CRITICAL WARNING: [Common 17-55] 'set_property' expects at least one object. [C:/Users/pamuk/Desktop/CS docs/CS-223/PROJECT/project_1/project_1.srcs/constrs_1/new/Basys4.xdc:7]
Resolution: If [get_<value>] was used to populate the object, check to make sure this command returns at least one valid object.
WARNING: [Vivado 12-584] No ports matched 'data_to_Transfer[4]'. [C:/Users/pamuk/Desktop/CS docs/CS-223/PROJECT/project_1/project_1.srcs/constrs_1/new/Basys4.xdc:8]
CRITICAL WARNING: [Common 17-55] 'set_property' expects at least one object. [C:/Users/pamuk/Desktop/CS docs/CS-223/PROJECT/project_1/project_1.srcs/constrs_1/new/Basys4.xdc:8]
Resolution: If [get_<value>] was used to populate the object, check to make sure this command returns at least one valid object.
WARNING: [Vivado 12-584] No ports matched 'data_to_Transfer[3]'. [C:/Users/pamuk/Desktop/CS docs/CS-223/PROJECT/project_1/project_1.srcs/constrs_1/new/Basys4.xdc:9]
CRITICAL WARNING: [Common 17-55] 'set_property' expects at least one object. [C:/Users/pamuk/Desktop/CS docs/CS-223/PROJECT/project_1/project_1.srcs/constrs_1/new/Basys4.xdc:9]
Resolution: If [get_<value>] was used to populate the object, check to make sure this command returns at least one valid object.
WARNING: [Vivado 12-584] No ports matched 'data_to_Transfer[2]'. [C:/Users/pamuk/Desktop/CS docs/CS-223/PROJECT/project_1/project_1.srcs/constrs_1/new/Basys4.xdc:10]
CRITICAL WARNING: [Common 17-55] 'set_property' expects at least one object. [C:/Users/pamuk/Desktop/CS docs/CS-223/PROJECT/project_1/project_1.srcs/constrs_1/new/Basys4.xdc:10]
Resolution: If [get_<value>] was used to populate the object, check to make sure this command returns at least one valid object.
WARNING: [Vivado 12-584] No ports matched 'data_to_Transfer[1]'. [C:/Users/pamuk/Desktop/CS docs/CS-223/PROJECT/project_1/project_1.srcs/constrs_1/new/Basys4.xdc:11]
CRITICAL WARNING: [Common 17-55] 'set_property' expects at least one object. [C:/Users/pamuk/Desktop/CS docs/CS-223/PROJECT/project_1/project_1.srcs/constrs_1/new/Basys4.xdc:11]
Resolution: If [get_<value>] was used to populate the object, check to make sure this command returns at least one valid object.
WARNING: [Vivado 12-584] No ports matched 'data_to_Transfer[0]'. [C:/Users/pamuk/Desktop/CS docs/CS-223/PROJECT/project_1/project_1.srcs/constrs_1/new/Basys4.xdc:12]
CRITICAL WARNING: [Common 17-55] 'set_property' expects at least one object. [C:/Users/pamuk/Desktop/CS docs/CS-223/PROJECT/project_1/project_1.srcs/constrs_1/new/Basys4.xdc:12]
Resolution: If [get_<value>] was used to populate the object, check to make sure this command returns at least one valid object.
WARNING: [Vivado 12-584] No ports matched 'data_to_Transfer[0]'. [C:/Users/pamuk/Desktop/CS docs/CS-223/PROJECT/project_1/project_1.srcs/constrs_1/new/Basys4.xdc:13]
CRITICAL WARNING: [Common 17-55] 'set_property' expects at least one object. [C:/Users/pamuk/Desktop/CS docs/CS-223/PROJECT/project_1/project_1.srcs/constrs_1/new/Basys4.xdc:13]
Resolution: If [get_<value>] was used to populate the object, check to make sure this command returns at least one valid object.
WARNING: [Vivado 12-584] No ports matched 'data_to_Transfer[1]'. [C:/Users/pamuk/Desktop/CS docs/CS-223/PROJECT/project_1/project_1.srcs/constrs_1/new/Basys4.xdc:14]
CRITICAL WARNING: [Common 17-55] 'set_property' expects at least one object. [C:/Users/pamuk/Desktop/CS docs/CS-223/PROJECT/project_1/project_1.srcs/constrs_1/new/Basys4.xdc:14]
Resolution: If [get_<value>] was used to populate the object, check to make sure this command returns at least one valid object.
WARNING: [Vivado 12-584] No ports matched 'data_to_Transfer[2]'. [C:/Users/pamuk/Desktop/CS docs/CS-223/PROJECT/project_1/project_1.srcs/constrs_1/new/Basys4.xdc:15]
CRITICAL WARNING: [Common 17-55] 'set_property' expects at least one object. [C:/Users/pamuk/Desktop/CS docs/CS-223/PROJECT/project_1/project_1.srcs/constrs_1/new/Basys4.xdc:15]
Resolution: If [get_<value>] was used to populate the object, check to make sure this command returns at least one valid object.
WARNING: [Vivado 12-584] No ports matched 'data_to_Transfer[3]'. [C:/Users/pamuk/Desktop/CS docs/CS-223/PROJECT/project_1/project_1.srcs/constrs_1/new/Basys4.xdc:16]
CRITICAL WARNING: [Common 17-55] 'set_property' expects at least one object. [C:/Users/pamuk/Desktop/CS docs/CS-223/PROJECT/project_1/project_1.srcs/constrs_1/new/Basys4.xdc:16]
Resolution: If [get_<value>] was used to populate the object, check to make sure this command returns at least one valid object.
WARNING: [Vivado 12-584] No ports matched 'data_to_Transfer[4]'. [C:/Users/pamuk/Desktop/CS docs/CS-223/PROJECT/project_1/project_1.srcs/constrs_1/new/Basys4.xdc:17]
CRITICAL WARNING: [Common 17-55] 'set_property' expects at least one object. [C:/Users/pamuk/Desktop/CS docs/CS-223/PROJECT/project_1/project_1.srcs/constrs_1/new/Basys4.xdc:17]
Resolution: If [get_<value>] was used to populate the object, check to make sure this command returns at least one valid object.
WARNING: [Vivado 12-584] No ports matched 'data_to_Transfer[5]'. [C:/Users/pamuk/Desktop/CS docs/CS-223/PROJECT/project_1/project_1.srcs/constrs_1/new/Basys4.xdc:18]
CRITICAL WARNING: [Common 17-55] 'set_property' expects at least one object. [C:/Users/pamuk/Desktop/CS docs/CS-223/PROJECT/project_1/project_1.srcs/constrs_1/new/Basys4.xdc:18]
Resolution: If [get_<value>] was used to populate the object, check to make sure this command returns at least one valid object.
WARNING: [Vivado 12-584] No ports matched 'data_to_Transfer[6]'. [C:/Users/pamuk/Desktop/CS docs/CS-223/PROJECT/project_1/project_1.srcs/constrs_1/new/Basys4.xdc:19]
CRITICAL WARNING: [Common 17-55] 'set_property' expects at least one object. [C:/Users/pamuk/Desktop/CS docs/CS-223/PROJECT/project_1/project_1.srcs/constrs_1/new/Basys4.xdc:19]
Resolution: If [get_<value>] was used to populate the object, check to make sure this command returns at least one valid object.
WARNING: [Vivado 12-584] No ports matched 'tx'. [C:/Users/pamuk/Desktop/CS docs/CS-223/PROJECT/project_1/project_1.srcs/constrs_1/new/Basys4.xdc:21]
CRITICAL WARNING: [Common 17-55] 'set_property' expects at least one object. [C:/Users/pamuk/Desktop/CS docs/CS-223/PROJECT/project_1/project_1.srcs/constrs_1/new/Basys4.xdc:21]
Resolution: If [get_<value>] was used to populate the object, check to make sure this command returns at least one valid object.
WARNING: [Vivado 12-584] No ports matched 'tx'. [C:/Users/pamuk/Desktop/CS docs/CS-223/PROJECT/project_1/project_1.srcs/constrs_1/new/Basys4.xdc:22]
CRITICAL WARNING: [Common 17-55] 'set_property' expects at least one object. [C:/Users/pamuk/Desktop/CS docs/CS-223/PROJECT/project_1/project_1.srcs/constrs_1/new/Basys4.xdc:22]
Resolution: If [get_<value>] was used to populate the object, check to make sure this command returns at least one valid object.
WARNING: [Vivado 12-584] No ports matched 'buttonLoad'. [C:/Users/pamuk/Desktop/CS docs/CS-223/PROJECT/project_1/project_1.srcs/constrs_1/new/Basys4.xdc:27]
CRITICAL WARNING: [Common 17-55] 'set_property' expects at least one object. [C:/Users/pamuk/Desktop/CS docs/CS-223/PROJECT/project_1/project_1.srcs/constrs_1/new/Basys4.xdc:27]
Resolution: If [get_<value>] was used to populate the object, check to make sure this command returns at least one valid object.
WARNING: [Vivado 12-584] No ports matched 'rx'. [C:/Users/pamuk/Desktop/CS docs/CS-223/PROJECT/project_1/project_1.srcs/constrs_1/new/Basys4.xdc:28]
CRITICAL WARNING: [Common 17-55] 'set_property' expects at least one object. [C:/Users/pamuk/Desktop/CS docs/CS-223/PROJECT/project_1/project_1.srcs/constrs_1/new/Basys4.xdc:28]
Resolution: If [get_<value>] was used to populate the object, check to make sure this command returns at least one valid object.
WARNING: [Vivado 12-584] No ports matched 'sendData'. [C:/Users/pamuk/Desktop/CS docs/CS-223/PROJECT/project_1/project_1.srcs/constrs_1/new/Basys4.xdc:29]
CRITICAL WARNING: [Common 17-55] 'set_property' expects at least one object. [C:/Users/pamuk/Desktop/CS docs/CS-223/PROJECT/project_1/project_1.srcs/constrs_1/new/Basys4.xdc:29]
Resolution: If [get_<value>] was used to populate the object, check to make sure this command returns at least one valid object.
WARNING: [Vivado 12-584] No ports matched 'rx'. [C:/Users/pamuk/Desktop/CS docs/CS-223/PROJECT/project_1/project_1.srcs/constrs_1/new/Basys4.xdc:30]
CRITICAL WARNING: [Common 17-55] 'set_property' expects at least one object. [C:/Users/pamuk/Desktop/CS docs/CS-223/PROJECT/project_1/project_1.srcs/constrs_1/new/Basys4.xdc:30]
Resolution: If [get_<value>] was used to populate the object, check to make sure this command returns at least one valid object.
WARNING: [Vivado 12-584] No ports matched 'sendData'. [C:/Users/pamuk/Desktop/CS docs/CS-223/PROJECT/project_1/project_1.srcs/constrs_1/new/Basys4.xdc:31]
CRITICAL WARNING: [Common 17-55] 'set_property' expects at least one object. [C:/Users/pamuk/Desktop/CS docs/CS-223/PROJECT/project_1/project_1.srcs/constrs_1/new/Basys4.xdc:31]
Resolution: If [get_<value>] was used to populate the object, check to make sure this command returns at least one valid object.
WARNING: [Vivado 12-584] No ports matched 'buttonLoad'. [C:/Users/pamuk/Desktop/CS docs/CS-223/PROJECT/project_1/project_1.srcs/constrs_1/new/Basys4.xdc:32]
CRITICAL WARNING: [Common 17-55] 'set_property' expects at least one object. [C:/Users/pamuk/Desktop/CS docs/CS-223/PROJECT/project_1/project_1.srcs/constrs_1/new/Basys4.xdc:32]
Resolution: If [get_<value>] was used to populate the object, check to make sure this command returns at least one valid object.
WARNING: [Vivado 12-584] No ports matched 'memoryR[7]'. [C:/Users/pamuk/Desktop/CS docs/CS-223/PROJECT/project_1/project_1.srcs/constrs_1/new/Basys4.xdc:39]
CRITICAL WARNING: [Common 17-55] 'set_property' expects at least one object. [C:/Users/pamuk/Desktop/CS docs/CS-223/PROJECT/project_1/project_1.srcs/constrs_1/new/Basys4.xdc:39]
Resolution: If [get_<value>] was used to populate the object, check to make sure this command returns at least one valid object.
WARNING: [Vivado 12-584] No ports matched 'memoryR[6]'. [C:/Users/pamuk/Desktop/CS docs/CS-223/PROJECT/project_1/project_1.srcs/constrs_1/new/Basys4.xdc:40]
CRITICAL WARNING: [Common 17-55] 'set_property' expects at least one object. [C:/Users/pamuk/Desktop/CS docs/CS-223/PROJECT/project_1/project_1.srcs/constrs_1/new/Basys4.xdc:40]
Resolution: If [get_<value>] was used to populate the object, check to make sure this command returns at least one valid object.
WARNING: [Vivado 12-584] No ports matched 'memoryR[5]'. [C:/Users/pamuk/Desktop/CS docs/CS-223/PROJECT/project_1/project_1.srcs/constrs_1/new/Basys4.xdc:41]
CRITICAL WARNING: [Common 17-55] 'set_property' expects at least one object. [C:/Users/pamuk/Desktop/CS docs/CS-223/PROJECT/project_1/project_1.srcs/constrs_1/new/Basys4.xdc:41]
Resolution: If [get_<value>] was used to populate the object, check to make sure this command returns at least one valid object.
WARNING: [Vivado 12-584] No ports matched 'memoryR[4]'. [C:/Users/pamuk/Desktop/CS docs/CS-223/PROJECT/project_1/project_1.srcs/constrs_1/new/Basys4.xdc:42]
CRITICAL WARNING: [Common 17-55] 'set_property' expects at least one object. [C:/Users/pamuk/Desktop/CS docs/CS-223/PROJECT/project_1/project_1.srcs/constrs_1/new/Basys4.xdc:42]
Resolution: If [get_<value>] was used to populate the object, check to make sure this command returns at least one valid object.
WARNING: [Vivado 12-584] No ports matched 'memoryR[3]'. [C:/Users/pamuk/Desktop/CS docs/CS-223/PROJECT/project_1/project_1.srcs/constrs_1/new/Basys4.xdc:43]
CRITICAL WARNING: [Common 17-55] 'set_property' expects at least one object. [C:/Users/pamuk/Desktop/CS docs/CS-223/PROJECT/project_1/project_1.srcs/constrs_1/new/Basys4.xdc:43]
Resolution: If [get_<value>] was used to populate the object, check to make sure this command returns at least one valid object.
WARNING: [Vivado 12-584] No ports matched 'memoryR[2]'. [C:/Users/pamuk/Desktop/CS docs/CS-223/PROJECT/project_1/project_1.srcs/constrs_1/new/Basys4.xdc:44]
CRITICAL WARNING: [Common 17-55] 'set_property' expects at least one object. [C:/Users/pamuk/Desktop/CS docs/CS-223/PROJECT/project_1/project_1.srcs/constrs_1/new/Basys4.xdc:44]
Resolution: If [get_<value>] was used to populate the object, check to make sure this command returns at least one valid object.
WARNING: [Vivado 12-584] No ports matched 'memoryR[1]'. [C:/Users/pamuk/Desktop/CS docs/CS-223/PROJECT/project_1/project_1.srcs/constrs_1/new/Basys4.xdc:45]
CRITICAL WARNING: [Common 17-55] 'set_property' expects at least one object. [C:/Users/pamuk/Desktop/CS docs/CS-223/PROJECT/project_1/project_1.srcs/constrs_1/new/Basys4.xdc:45]
Resolution: If [get_<value>] was used to populate the object, check to make sure this command returns at least one valid object.
WARNING: [Vivado 12-584] No ports matched 'memoryR[0]'. [C:/Users/pamuk/Desktop/CS docs/CS-223/PROJECT/project_1/project_1.srcs/constrs_1/new/Basys4.xdc:46]
CRITICAL WARNING: [Common 17-55] 'set_property' expects at least one object. [C:/Users/pamuk/Desktop/CS docs/CS-223/PROJECT/project_1/project_1.srcs/constrs_1/new/Basys4.xdc:46]
Resolution: If [get_<value>] was used to populate the object, check to make sure this command returns at least one valid object.
WARNING: [Vivado 12-584] No ports matched 'memoryS[7]'. [C:/Users/pamuk/Desktop/CS docs/CS-223/PROJECT/project_1/project_1.srcs/constrs_1/new/Basys4.xdc:47]
CRITICAL WARNING: [Common 17-55] 'set_property' expects at least one object. [C:/Users/pamuk/Desktop/CS docs/CS-223/PROJECT/project_1/project_1.srcs/constrs_1/new/Basys4.xdc:47]
Resolution: If [get_<value>] was used to populate the object, check to make sure this command returns at least one valid object.
WARNING: [Vivado 12-584] No ports matched 'memoryS[6]'. [C:/Users/pamuk/Desktop/CS docs/CS-223/PROJECT/project_1/project_1.srcs/constrs_1/new/Basys4.xdc:48]
CRITICAL WARNING: [Common 17-55] 'set_property' expects at least one object. [C:/Users/pamuk/Desktop/CS docs/CS-223/PROJECT/project_1/project_1.srcs/constrs_1/new/Basys4.xdc:48]
Resolution: If [get_<value>] was used to populate the object, check to make sure this command returns at least one valid object.
WARNING: [Vivado 12-584] No ports matched 'memoryS[5]'. [C:/Users/pamuk/Desktop/CS docs/CS-223/PROJECT/project_1/project_1.srcs/constrs_1/new/Basys4.xdc:49]
CRITICAL WARNING: [Common 17-55] 'set_property' expects at least one object. [C:/Users/pamuk/Desktop/CS docs/CS-223/PROJECT/project_1/project_1.srcs/constrs_1/new/Basys4.xdc:49]
Resolution: If [get_<value>] was used to populate the object, check to make sure this command returns at least one valid object.
WARNING: [Vivado 12-584] No ports matched 'memoryS[4]'. [C:/Users/pamuk/Desktop/CS docs/CS-223/PROJECT/project_1/project_1.srcs/constrs_1/new/Basys4.xdc:50]
CRITICAL WARNING: [Common 17-55] 'set_property' expects at least one object. [C:/Users/pamuk/Desktop/CS docs/CS-223/PROJECT/project_1/project_1.srcs/constrs_1/new/Basys4.xdc:50]
Resolution: If [get_<value>] was used to populate the object, check to make sure this command returns at least one valid object.
WARNING: [Vivado 12-584] No ports matched 'memoryS[3]'. [C:/Users/pamuk/Desktop/CS docs/CS-223/PROJECT/project_1/project_1.srcs/constrs_1/new/Basys4.xdc:51]
CRITICAL WARNING: [Common 17-55] 'set_property' expects at least one object. [C:/Users/pamuk/Desktop/CS docs/CS-223/PROJECT/project_1/project_1.srcs/constrs_1/new/Basys4.xdc:51]
Resolution: If [get_<value>] was used to populate the object, check to make sure this command returns at least one valid object.
WARNING: [Vivado 12-584] No ports matched 'memoryS[2]'. [C:/Users/pamuk/Desktop/CS docs/CS-223/PROJECT/project_1/project_1.srcs/constrs_1/new/Basys4.xdc:52]
CRITICAL WARNING: [Common 17-55] 'set_property' expects at least one object. [C:/Users/pamuk/Desktop/CS docs/CS-223/PROJECT/project_1/project_1.srcs/constrs_1/new/Basys4.xdc:52]
Resolution: If [get_<value>] was used to populate the object, check to make sure this command returns at least one valid object.
WARNING: [Vivado 12-584] No ports matched 'memoryS[1]'. [C:/Users/pamuk/Desktop/CS docs/CS-223/PROJECT/project_1/project_1.srcs/constrs_1/new/Basys4.xdc:53]
CRITICAL WARNING: [Common 17-55] 'set_property' expects at least one object. [C:/Users/pamuk/Desktop/CS docs/CS-223/PROJECT/project_1/project_1.srcs/constrs_1/new/Basys4.xdc:53]
Resolution: If [get_<value>] was used to populate the object, check to make sure this command returns at least one valid object.
WARNING: [Vivado 12-584] No ports matched 'memoryS[0]'. [C:/Users/pamuk/Desktop/CS docs/CS-223/PROJECT/project_1/project_1.srcs/constrs_1/new/Basys4.xdc:54]
CRITICAL WARNING: [Common 17-55] 'set_property' expects at least one object. [C:/Users/pamuk/Desktop/CS docs/CS-223/PROJECT/project_1/project_1.srcs/constrs_1/new/Basys4.xdc:54]
Resolution: If [get_<value>] was used to populate the object, check to make sure this command returns at least one valid object.
WARNING: [Vivado 12-584] No ports matched 'memoryS[0]'. [C:/Users/pamuk/Desktop/CS docs/CS-223/PROJECT/project_1/project_1.srcs/constrs_1/new/Basys4.xdc:55]
CRITICAL WARNING: [Common 17-55] 'set_property' expects at least one object. [C:/Users/pamuk/Desktop/CS docs/CS-223/PROJECT/project_1/project_1.srcs/constrs_1/new/Basys4.xdc:55]
Resolution: If [get_<value>] was used to populate the object, check to make sure this command returns at least one valid object.
WARNING: [Vivado 12-584] No ports matched 'memoryS[1]'. [C:/Users/pamuk/Desktop/CS docs/CS-223/PROJECT/project_1/project_1.srcs/constrs_1/new/Basys4.xdc:56]
CRITICAL WARNING: [Common 17-55] 'set_property' expects at least one object. [C:/Users/pamuk/Desktop/CS docs/CS-223/PROJECT/project_1/project_1.srcs/constrs_1/new/Basys4.xdc:56]
Resolution: If [get_<value>] was used to populate the object, check to make sure this command returns at least one valid object.
WARNING: [Vivado 12-584] No ports matched 'memoryS[2]'. [C:/Users/pamuk/Desktop/CS docs/CS-223/PROJECT/project_1/project_1.srcs/constrs_1/new/Basys4.xdc:57]
CRITICAL WARNING: [Common 17-55] 'set_property' expects at least one object. [C:/Users/pamuk/Desktop/CS docs/CS-223/PROJECT/project_1/project_1.srcs/constrs_1/new/Basys4.xdc:57]
Resolution: If [get_<value>] was used to populate the object, check to make sure this command returns at least one valid object.
WARNING: [Vivado 12-584] No ports matched 'memoryS[3]'. [C:/Users/pamuk/Desktop/CS docs/CS-223/PROJECT/project_1/project_1.srcs/constrs_1/new/Basys4.xdc:58]
CRITICAL WARNING: [Common 17-55] 'set_property' expects at least one object. [C:/Users/pamuk/Desktop/CS docs/CS-223/PROJECT/project_1/project_1.srcs/constrs_1/new/Basys4.xdc:58]
Resolution: If [get_<value>] was used to populate the object, check to make sure this command returns at least one valid object.
WARNING: [Vivado 12-584] No ports matched 'memoryS[4]'. [C:/Users/pamuk/Desktop/CS docs/CS-223/PROJECT/project_1/project_1.srcs/constrs_1/new/Basys4.xdc:59]
CRITICAL WARNING: [Common 17-55] 'set_property' expects at least one object. [C:/Users/pamuk/Desktop/CS docs/CS-223/PROJECT/project_1/project_1.srcs/constrs_1/new/Basys4.xdc:59]
Resolution: If [get_<value>] was used to populate the object, check to make sure this command returns at least one valid object.
WARNING: [Vivado 12-584] No ports matched 'memoryS[6]'. [C:/Users/pamuk/Desktop/CS docs/CS-223/PROJECT/project_1/project_1.srcs/constrs_1/new/Basys4.xdc:60]
CRITICAL WARNING: [Common 17-55] 'set_property' expects at least one object. [C:/Users/pamuk/Desktop/CS docs/CS-223/PROJECT/project_1/project_1.srcs/constrs_1/new/Basys4.xdc:60]
Resolution: If [get_<value>] was used to populate the object, check to make sure this command returns at least one valid object.
WARNING: [Vivado 12-584] No ports matched 'memoryS[5]'. [C:/Users/pamuk/Desktop/CS docs/CS-223/PROJECT/project_1/project_1.srcs/constrs_1/new/Basys4.xdc:61]
CRITICAL WARNING: [Common 17-55] 'set_property' expects at least one object. [C:/Users/pamuk/Desktop/CS docs/CS-223/PROJECT/project_1/project_1.srcs/constrs_1/new/Basys4.xdc:61]
Resolution: If [get_<value>] was used to populate the object, check to make sure this command returns at least one valid object.
WARNING: [Vivado 12-584] No ports matched 'memoryS[7]'. [C:/Users/pamuk/Desktop/CS docs/CS-223/PROJECT/project_1/project_1.srcs/constrs_1/new/Basys4.xdc:62]
CRITICAL WARNING: [Common 17-55] 'set_property' expects at least one object. [C:/Users/pamuk/Desktop/CS docs/CS-223/PROJECT/project_1/project_1.srcs/constrs_1/new/Basys4.xdc:62]
Resolution: If [get_<value>] was used to populate the object, check to make sure this command returns at least one valid object.
WARNING: [Vivado 12-584] No ports matched 'memoryR[0]'. [C:/Users/pamuk/Desktop/CS docs/CS-223/PROJECT/project_1/project_1.srcs/constrs_1/new/Basys4.xdc:63]
CRITICAL WARNING: [Common 17-55] 'set_property' expects at least one object. [C:/Users/pamuk/Desktop/CS docs/CS-223/PROJECT/project_1/project_1.srcs/constrs_1/new/Basys4.xdc:63]
Resolution: If [get_<value>] was used to populate the object, check to make sure this command returns at least one valid object.
WARNING: [Vivado 12-584] No ports matched 'memoryR[1]'. [C:/Users/pamuk/Desktop/CS docs/CS-223/PROJECT/project_1/project_1.srcs/constrs_1/new/Basys4.xdc:64]
CRITICAL WARNING: [Common 17-55] 'set_property' expects at least one object. [C:/Users/pamuk/Desktop/CS docs/CS-223/PROJECT/project_1/project_1.srcs/constrs_1/new/Basys4.xdc:64]
Resolution: If [get_<value>] was used to populate the object, check to make sure this command returns at least one valid object.
WARNING: [Vivado 12-584] No ports matched 'memoryR[2]'. [C:/Users/pamuk/Desktop/CS docs/CS-223/PROJECT/project_1/project_1.srcs/constrs_1/new/Basys4.xdc:65]
CRITICAL WARNING: [Common 17-55] 'set_property' expects at least one object. [C:/Users/pamuk/Desktop/CS docs/CS-223/PROJECT/project_1/project_1.srcs/constrs_1/new/Basys4.xdc:65]
Resolution: If [get_<value>] was used to populate the object, check to make sure this command returns at least one valid object.
WARNING: [Vivado 12-584] No ports matched 'memoryR[3]'. [C:/Users/pamuk/Desktop/CS docs/CS-223/PROJECT/project_1/project_1.srcs/constrs_1/new/Basys4.xdc:66]
CRITICAL WARNING: [Common 17-55] 'set_property' expects at least one object. [C:/Users/pamuk/Desktop/CS docs/CS-223/PROJECT/project_1/project_1.srcs/constrs_1/new/Basys4.xdc:66]
Resolution: If [get_<value>] was used to populate the object, check to make sure this command returns at least one valid object.
WARNING: [Vivado 12-584] No ports matched 'memoryR[4]'. [C:/Users/pamuk/Desktop/CS docs/CS-223/PROJECT/project_1/project_1.srcs/constrs_1/new/Basys4.xdc:67]
CRITICAL WARNING: [Common 17-55] 'set_property' expects at least one object. [C:/Users/pamuk/Desktop/CS docs/CS-223/PROJECT/project_1/project_1.srcs/constrs_1/new/Basys4.xdc:67]
Resolution: If [get_<value>] was used to populate the object, check to make sure this command returns at least one valid object.
WARNING: [Vivado 12-584] No ports matched 'memoryR[5]'. [C:/Users/pamuk/Desktop/CS docs/CS-223/PROJECT/project_1/project_1.srcs/constrs_1/new/Basys4.xdc:68]
CRITICAL WARNING: [Common 17-55] 'set_property' expects at least one object. [C:/Users/pamuk/Desktop/CS docs/CS-223/PROJECT/project_1/project_1.srcs/constrs_1/new/Basys4.xdc:68]
Resolution: If [get_<value>] was used to populate the object, check to make sure this command returns at least one valid object.
WARNING: [Vivado 12-584] No ports matched 'memoryR[6]'. [C:/Users/pamuk/Desktop/CS docs/CS-223/PROJECT/project_1/project_1.srcs/constrs_1/new/Basys4.xdc:69]
CRITICAL WARNING: [Common 17-55] 'set_property' expects at least one object. [C:/Users/pamuk/Desktop/CS docs/CS-223/PROJECT/project_1/project_1.srcs/constrs_1/new/Basys4.xdc:69]
Resolution: If [get_<value>] was used to populate the object, check to make sure this command returns at least one valid object.
WARNING: [Vivado 12-584] No ports matched 'memoryR[7]'. [C:/Users/pamuk/Desktop/CS docs/CS-223/PROJECT/project_1/project_1.srcs/constrs_1/new/Basys4.xdc:70]
CRITICAL WARNING: [Common 17-55] 'set_property' expects at least one object. [C:/Users/pamuk/Desktop/CS docs/CS-223/PROJECT/project_1/project_1.srcs/constrs_1/new/Basys4.xdc:70]
Resolution: If [get_<value>] was used to populate the object, check to make sure this command returns at least one valid object.
WARNING: [Vivado 12-584] No ports matched 'memoryR[7]'. [C:/Users/pamuk/Desktop/CS docs/CS-223/PROJECT/project_1/project_1.srcs/constrs_1/new/Basys4.xdc:72]
CRITICAL WARNING: [Common 17-55] 'set_property' expects at least one object. [C:/Users/pamuk/Desktop/CS docs/CS-223/PROJECT/project_1/project_1.srcs/constrs_1/new/Basys4.xdc:72]
Resolution: If [get_<value>] was used to populate the object, check to make sure this command returns at least one valid object.
WARNING: [Vivado 12-584] No ports matched 'memoryR[6]'. [C:/Users/pamuk/Desktop/CS docs/CS-223/PROJECT/project_1/project_1.srcs/constrs_1/new/Basys4.xdc:73]
CRITICAL WARNING: [Common 17-55] 'set_property' expects at least one object. [C:/Users/pamuk/Desktop/CS docs/CS-223/PROJECT/project_1/project_1.srcs/constrs_1/new/Basys4.xdc:73]
Resolution: If [get_<value>] was used to populate the object, check to make sure this command returns at least one valid object.
WARNING: [Vivado 12-584] No ports matched 'memoryR[5]'. [C:/Users/pamuk/Desktop/CS docs/CS-223/PROJECT/project_1/project_1.srcs/constrs_1/new/Basys4.xdc:74]
CRITICAL WARNING: [Common 17-55] 'set_property' expects at least one object. [C:/Users/pamuk/Desktop/CS docs/CS-223/PROJECT/project_1/project_1.srcs/constrs_1/new/Basys4.xdc:74]
Resolution: If [get_<value>] was used to populate the object, check to make sure this command returns at least one valid object.
WARNING: [Vivado 12-584] No ports matched 'memoryR[4]'. [C:/Users/pamuk/Desktop/CS docs/CS-223/PROJECT/project_1/project_1.srcs/constrs_1/new/Basys4.xdc:75]
CRITICAL WARNING: [Common 17-55] 'set_property' expects at least one object. [C:/Users/pamuk/Desktop/CS docs/CS-223/PROJECT/project_1/project_1.srcs/constrs_1/new/Basys4.xdc:75]
Resolution: If [get_<value>] was used to populate the object, check to make sure this command returns at least one valid object.
WARNING: [Vivado 12-584] No ports matched 'memoryR[3]'. [C:/Users/pamuk/Desktop/CS docs/CS-223/PROJECT/project_1/project_1.srcs/constrs_1/new/Basys4.xdc:76]
CRITICAL WARNING: [Common 17-55] 'set_property' expects at least one object. [C:/Users/pamuk/Desktop/CS docs/CS-223/PROJECT/project_1/project_1.srcs/constrs_1/new/Basys4.xdc:76]
Resolution: If [get_<value>] was used to populate the object, check to make sure this command returns at least one valid object.
WARNING: [Vivado 12-584] No ports matched 'memoryR[2]'. [C:/Users/pamuk/Desktop/CS docs/CS-223/PROJECT/project_1/project_1.srcs/constrs_1/new/Basys4.xdc:77]
CRITICAL WARNING: [Common 17-55] 'set_property' expects at least one object. [C:/Users/pamuk/Desktop/CS docs/CS-223/PROJECT/project_1/project_1.srcs/constrs_1/new/Basys4.xdc:77]
Resolution: If [get_<value>] was used to populate the object, check to make sure this command returns at least one valid object.
WARNING: [Vivado 12-584] No ports matched 'memoryR[1]'. [C:/Users/pamuk/Desktop/CS docs/CS-223/PROJECT/project_1/project_1.srcs/constrs_1/new/Basys4.xdc:78]
CRITICAL WARNING: [Common 17-55] 'set_property' expects at least one object. [C:/Users/pamuk/Desktop/CS docs/CS-223/PROJECT/project_1/project_1.srcs/constrs_1/new/Basys4.xdc:78]
Resolution: If [get_<value>] was used to populate the object, check to make sure this command returns at least one valid object.
WARNING: [Vivado 12-584] No ports matched 'memoryR[0]'. [C:/Users/pamuk/Desktop/CS docs/CS-223/PROJECT/project_1/project_1.srcs/constrs_1/new/Basys4.xdc:79]
CRITICAL WARNING: [Common 17-55] 'set_property' expects at least one object. [C:/Users/pamuk/Desktop/CS docs/CS-223/PROJECT/project_1/project_1.srcs/constrs_1/new/Basys4.xdc:79]
Resolution: If [get_<value>] was used to populate the object, check to make sure this command returns at least one valid object.
WARNING: [Vivado 12-584] No ports matched 'memoryS[7]'. [C:/Users/pamuk/Desktop/CS docs/CS-223/PROJECT/project_1/project_1.srcs/constrs_1/new/Basys4.xdc:80]
CRITICAL WARNING: [Common 17-55] 'set_property' expects at least one object. [C:/Users/pamuk/Desktop/CS docs/CS-223/PROJECT/project_1/project_1.srcs/constrs_1/new/Basys4.xdc:80]
Resolution: If [get_<value>] was used to populate the object, check to make sure this command returns at least one valid object.
WARNING: [Vivado 12-584] No ports matched 'memoryS[6]'. [C:/Users/pamuk/Desktop/CS docs/CS-223/PROJECT/project_1/project_1.srcs/constrs_1/new/Basys4.xdc:81]
CRITICAL WARNING: [Common 17-55] 'set_property' expects at least one object. [C:/Users/pamuk/Desktop/CS docs/CS-223/PROJECT/project_1/project_1.srcs/constrs_1/new/Basys4.xdc:81]
Resolution: If [get_<value>] was used to populate the object, check to make sure this command returns at least one valid object.
WARNING: [Vivado 12-584] No ports matched 'memoryS[5]'. [C:/Users/pamuk/Desktop/CS docs/CS-223/PROJECT/project_1/project_1.srcs/constrs_1/new/Basys4.xdc:82]
CRITICAL WARNING: [Common 17-55] 'set_property' expects at least one object. [C:/Users/pamuk/Desktop/CS docs/CS-223/PROJECT/project_1/project_1.srcs/constrs_1/new/Basys4.xdc:82]
Resolution: If [get_<value>] was used to populate the object, check to make sure this command returns at least one valid object.
WARNING: [Vivado 12-584] No ports matched 'memoryS[4]'. [C:/Users/pamuk/Desktop/CS docs/CS-223/PROJECT/project_1/project_1.srcs/constrs_1/new/Basys4.xdc:83]
CRITICAL WARNING: [Common 17-55] 'set_property' expects at least one object. [C:/Users/pamuk/Desktop/CS docs/CS-223/PROJECT/project_1/project_1.srcs/constrs_1/new/Basys4.xdc:83]
Resolution: If [get_<value>] was used to populate the object, check to make sure this command returns at least one valid object.
WARNING: [Vivado 12-584] No ports matched 'memoryS[3]'. [C:/Users/pamuk/Desktop/CS docs/CS-223/PROJECT/project_1/project_1.srcs/constrs_1/new/Basys4.xdc:84]
CRITICAL WARNING: [Common 17-55] 'set_property' expects at least one object. [C:/Users/pamuk/Desktop/CS docs/CS-223/PROJECT/project_1/project_1.srcs/constrs_1/new/Basys4.xdc:84]
Resolution: If [get_<value>] was used to populate the object, check to make sure this command returns at least one valid object.
WARNING: [Vivado 12-584] No ports matched 'memoryS[2]'. [C:/Users/pamuk/Desktop/CS docs/CS-223/PROJECT/project_1/project_1.srcs/constrs_1/new/Basys4.xdc:85]
CRITICAL WARNING: [Common 17-55] 'set_property' expects at least one object. [C:/Users/pamuk/Desktop/CS docs/CS-223/PROJECT/project_1/project_1.srcs/constrs_1/new/Basys4.xdc:85]
Resolution: If [get_<value>] was used to populate the object, check to make sure this command returns at least one valid object.
WARNING: [Vivado 12-584] No ports matched 'memoryS[1]'. [C:/Users/pamuk/Desktop/CS docs/CS-223/PROJECT/project_1/project_1.srcs/constrs_1/new/Basys4.xdc:86]
CRITICAL WARNING: [Common 17-55] 'set_property' expects at least one object. [C:/Users/pamuk/Desktop/CS docs/CS-223/PROJECT/project_1/project_1.srcs/constrs_1/new/Basys4.xdc:86]
Resolution: If [get_<value>] was used to populate the object, check to make sure this command returns at least one valid object.
WARNING: [Vivado 12-584] No ports matched 'memoryS[0]'. [C:/Users/pamuk/Desktop/CS docs/CS-223/PROJECT/project_1/project_1.srcs/constrs_1/new/Basys4.xdc:87]
CRITICAL WARNING: [Common 17-55] 'set_property' expects at least one object. [C:/Users/pamuk/Desktop/CS docs/CS-223/PROJECT/project_1/project_1.srcs/constrs_1/new/Basys4.xdc:87]
Resolution: If [get_<value>] was used to populate the object, check to make sure this command returns at least one valid object.
WARNING: [Vivado 12-584] No ports matched 'received_Data[7]'. [C:/Users/pamuk/Desktop/CS docs/CS-223/PROJECT/project_1/project_1.srcs/constrs_1/new/Basys4.xdc:89]
CRITICAL WARNING: [Common 17-55] 'set_property' expects at least one object. [C:/Users/pamuk/Desktop/CS docs/CS-223/PROJECT/project_1/project_1.srcs/constrs_1/new/Basys4.xdc:89]
Resolution: If [get_<value>] was used to populate the object, check to make sure this command returns at least one valid object.
WARNING: [Vivado 12-584] No ports matched 'received_Data[6]'. [C:/Users/pamuk/Desktop/CS docs/CS-223/PROJECT/project_1/project_1.srcs/constrs_1/new/Basys4.xdc:90]
CRITICAL WARNING: [Common 17-55] 'set_property' expects at least one object. [C:/Users/pamuk/Desktop/CS docs/CS-223/PROJECT/project_1/project_1.srcs/constrs_1/new/Basys4.xdc:90]
Resolution: If [get_<value>] was used to populate the object, check to make sure this command returns at least one valid object.
WARNING: [Vivado 12-584] No ports matched 'received_Data[5]'. [C:/Users/pamuk/Desktop/CS docs/CS-223/PROJECT/project_1/project_1.srcs/constrs_1/new/Basys4.xdc:91]
CRITICAL WARNING: [Common 17-55] 'set_property' expects at least one object. [C:/Users/pamuk/Desktop/CS docs/CS-223/PROJECT/project_1/project_1.srcs/constrs_1/new/Basys4.xdc:91]
Resolution: If [get_<value>] was used to populate the object, check to make sure this command returns at least one valid object.
WARNING: [Vivado 12-584] No ports matched 'received_Data[4]'. [C:/Users/pamuk/Desktop/CS docs/CS-223/PROJECT/project_1/project_1.srcs/constrs_1/new/Basys4.xdc:92]
CRITICAL WARNING: [Common 17-55] 'set_property' expects at least one object. [C:/Users/pamuk/Desktop/CS docs/CS-223/PROJECT/project_1/project_1.srcs/constrs_1/new/Basys4.xdc:92]
Resolution: If [get_<value>] was used to populate the object, check to make sure this command returns at least one valid object.
WARNING: [Vivado 12-584] No ports matched 'received_Data[3]'. [C:/Users/pamuk/Desktop/CS docs/CS-223/PROJECT/project_1/project_1.srcs/constrs_1/new/Basys4.xdc:93]
CRITICAL WARNING: [Common 17-55] 'set_property' expects at least one object. [C:/Users/pamuk/Desktop/CS docs/CS-223/PROJECT/project_1/project_1.srcs/constrs_1/new/Basys4.xdc:93]
Resolution: If [get_<value>] was used to populate the object, check to make sure this command returns at least one valid object.
WARNING: [Vivado 12-584] No ports matched 'received_Data[2]'. [C:/Users/pamuk/Desktop/CS docs/CS-223/PROJECT/project_1/project_1.srcs/constrs_1/new/Basys4.xdc:94]
CRITICAL WARNING: [Common 17-55] 'set_property' expects at least one object. [C:/Users/pamuk/Desktop/CS docs/CS-223/PROJECT/project_1/project_1.srcs/constrs_1/new/Basys4.xdc:94]
Resolution: If [get_<value>] was used to populate the object, check to make sure this command returns at least one valid object.
WARNING: [Vivado 12-584] No ports matched 'received_Data[1]'. [C:/Users/pamuk/Desktop/CS docs/CS-223/PROJECT/project_1/project_1.srcs/constrs_1/new/Basys4.xdc:95]
CRITICAL WARNING: [Common 17-55] 'set_property' expects at least one object. [C:/Users/pamuk/Desktop/CS docs/CS-223/PROJECT/project_1/project_1.srcs/constrs_1/new/Basys4.xdc:95]
Resolution: If [get_<value>] was used to populate the object, check to make sure this command returns at least one valid object.
WARNING: [Vivado 12-584] No ports matched 'received_Data[0]'. [C:/Users/pamuk/Desktop/CS docs/CS-223/PROJECT/project_1/project_1.srcs/constrs_1/new/Basys4.xdc:96]
CRITICAL WARNING: [Common 17-55] 'set_property' expects at least one object. [C:/Users/pamuk/Desktop/CS docs/CS-223/PROJECT/project_1/project_1.srcs/constrs_1/new/Basys4.xdc:96]
Resolution: If [get_<value>] was used to populate the object, check to make sure this command returns at least one valid object.
WARNING: [Vivado 12-584] No ports matched 'received_Data[0]'. [C:/Users/pamuk/Desktop/CS docs/CS-223/PROJECT/project_1/project_1.srcs/constrs_1/new/Basys4.xdc:97]
CRITICAL WARNING: [Common 17-55] 'set_property' expects at least one object. [C:/Users/pamuk/Desktop/CS docs/CS-223/PROJECT/project_1/project_1.srcs/constrs_1/new/Basys4.xdc:97]
Resolution: If [get_<value>] was used to populate the object, check to make sure this command returns at least one valid object.
WARNING: [Vivado 12-584] No ports matched 'received_Data[1]'. [C:/Users/pamuk/Desktop/CS docs/CS-223/PROJECT/project_1/project_1.srcs/constrs_1/new/Basys4.xdc:98]
CRITICAL WARNING: [Common 17-55] 'set_property' expects at least one object. [C:/Users/pamuk/Desktop/CS docs/CS-223/PROJECT/project_1/project_1.srcs/constrs_1/new/Basys4.xdc:98]
Resolution: If [get_<value>] was used to populate the object, check to make sure this command returns at least one valid object.
WARNING: [Vivado 12-584] No ports matched 'received_Data[2]'. [C:/Users/pamuk/Desktop/CS docs/CS-223/PROJECT/project_1/project_1.srcs/constrs_1/new/Basys4.xdc:99]
CRITICAL WARNING: [Common 17-55] 'set_property' expects at least one object. [C:/Users/pamuk/Desktop/CS docs/CS-223/PROJECT/project_1/project_1.srcs/constrs_1/new/Basys4.xdc:99]
Resolution: If [get_<value>] was used to populate the object, check to make sure this command returns at least one valid object.
WARNING: [Vivado 12-584] No ports matched 'received_Data[3]'. [C:/Users/pamuk/Desktop/CS docs/CS-223/PROJECT/project_1/project_1.srcs/constrs_1/new/Basys4.xdc:100]
CRITICAL WARNING: [Common 17-55] 'set_property' expects at least one object. [C:/Users/pamuk/Desktop/CS docs/CS-223/PROJECT/project_1/project_1.srcs/constrs_1/new/Basys4.xdc:100]
Resolution: If [get_<value>] was used to populate the object, check to make sure this command returns at least one valid object.
WARNING: [Vivado 12-584] No ports matched 'received_Data[4]'. [C:/Users/pamuk/Desktop/CS docs/CS-223/PROJECT/project_1/project_1.srcs/constrs_1/new/Basys4.xdc:101]
CRITICAL WARNING: [Common 17-55] 'set_property' expects at least one object. [C:/Users/pamuk/Desktop/CS docs/CS-223/PROJECT/project_1/project_1.srcs/constrs_1/new/Basys4.xdc:101]
Resolution: If [get_<value>] was used to populate the object, check to make sure this command returns at least one valid object.
WARNING: [Vivado 12-584] No ports matched 'received_Data[5]'. [C:/Users/pamuk/Desktop/CS docs/CS-223/PROJECT/project_1/project_1.srcs/constrs_1/new/Basys4.xdc:102]
CRITICAL WARNING: [Common 17-55] 'set_property' expects at least one object. [C:/Users/pamuk/Desktop/CS docs/CS-223/PROJECT/project_1/project_1.srcs/constrs_1/new/Basys4.xdc:102]
Resolution: If [get_<value>] was used to populate the object, check to make sure this command returns at least one valid object.
WARNING: [Vivado 12-584] No ports matched 'received_Data[6]'. [C:/Users/pamuk/Desktop/CS docs/CS-223/PROJECT/project_1/project_1.srcs/constrs_1/new/Basys4.xdc:103]
CRITICAL WARNING: [Common 17-55] 'set_property' expects at least one object. [C:/Users/pamuk/Desktop/CS docs/CS-223/PROJECT/project_1/project_1.srcs/constrs_1/new/Basys4.xdc:103]
Resolution: If [get_<value>] was used to populate the object, check to make sure this command returns at least one valid object.
WARNING: [Vivado 12-584] No ports matched 'received_Data[7]'. [C:/Users/pamuk/Desktop/CS docs/CS-223/PROJECT/project_1/project_1.srcs/constrs_1/new/Basys4.xdc:104]
CRITICAL WARNING: [Common 17-55] 'set_property' expects at least one object. [C:/Users/pamuk/Desktop/CS docs/CS-223/PROJECT/project_1/project_1.srcs/constrs_1/new/Basys4.xdc:104]
Resolution: If [get_<value>] was used to populate the object, check to make sure this command returns at least one valid object.
WARNING: [Vivado 12-584] No ports matched 'recentDisplay_loadedVal[7]'. [C:/Users/pamuk/Desktop/CS docs/CS-223/PROJECT/project_1/project_1.srcs/constrs_1/new/Basys4.xdc:106]
CRITICAL WARNING: [Common 17-55] 'set_property' expects at least one object. [C:/Users/pamuk/Desktop/CS docs/CS-223/PROJECT/project_1/project_1.srcs/constrs_1/new/Basys4.xdc:106]
Resolution: If [get_<value>] was used to populate the object, check to make sure this command returns at least one valid object.
WARNING: [Vivado 12-584] No ports matched 'recentDisplay_loadedVal[6]'. [C:/Users/pamuk/Desktop/CS docs/CS-223/PROJECT/project_1/project_1.srcs/constrs_1/new/Basys4.xdc:107]
CRITICAL WARNING: [Common 17-55] 'set_property' expects at least one object. [C:/Users/pamuk/Desktop/CS docs/CS-223/PROJECT/project_1/project_1.srcs/constrs_1/new/Basys4.xdc:107]
Resolution: If [get_<value>] was used to populate the object, check to make sure this command returns at least one valid object.
WARNING: [Vivado 12-584] No ports matched 'recentDisplay_loadedVal[5]'. [C:/Users/pamuk/Desktop/CS docs/CS-223/PROJECT/project_1/project_1.srcs/constrs_1/new/Basys4.xdc:108]
CRITICAL WARNING: [Common 17-55] 'set_property' expects at least one object. [C:/Users/pamuk/Desktop/CS docs/CS-223/PROJECT/project_1/project_1.srcs/constrs_1/new/Basys4.xdc:108]
Resolution: If [get_<value>] was used to populate the object, check to make sure this command returns at least one valid object.
WARNING: [Vivado 12-584] No ports matched 'recentDisplay_loadedVal[4]'. [C:/Users/pamuk/Desktop/CS docs/CS-223/PROJECT/project_1/project_1.srcs/constrs_1/new/Basys4.xdc:109]
CRITICAL WARNING: [Common 17-55] 'set_property' expects at least one object. [C:/Users/pamuk/Desktop/CS docs/CS-223/PROJECT/project_1/project_1.srcs/constrs_1/new/Basys4.xdc:109]
Resolution: If [get_<value>] was used to populate the object, check to make sure this command returns at least one valid object.
WARNING: [Vivado 12-584] No ports matched 'recentDisplay_loadedVal[3]'. [C:/Users/pamuk/Desktop/CS docs/CS-223/PROJECT/project_1/project_1.srcs/constrs_1/new/Basys4.xdc:110]
CRITICAL WARNING: [Common 17-55] 'set_property' expects at least one object. [C:/Users/pamuk/Desktop/CS docs/CS-223/PROJECT/project_1/project_1.srcs/constrs_1/new/Basys4.xdc:110]
Resolution: If [get_<value>] was used to populate the object, check to make sure this command returns at least one valid object.
WARNING: [Vivado 12-584] No ports matched 'recentDisplay_loadedVal[2]'. [C:/Users/pamuk/Desktop/CS docs/CS-223/PROJECT/project_1/project_1.srcs/constrs_1/new/Basys4.xdc:111]
CRITICAL WARNING: [Common 17-55] 'set_property' expects at least one object. [C:/Users/pamuk/Desktop/CS docs/CS-223/PROJECT/project_1/project_1.srcs/constrs_1/new/Basys4.xdc:111]
Resolution: If [get_<value>] was used to populate the object, check to make sure this command returns at least one valid object.
WARNING: [Vivado 12-584] No ports matched 'recentDisplay_loadedVal[1]'. [C:/Users/pamuk/Desktop/CS docs/CS-223/PROJECT/project_1/project_1.srcs/constrs_1/new/Basys4.xdc:112]
CRITICAL WARNING: [Common 17-55] 'set_property' expects at least one object. [C:/Users/pamuk/Desktop/CS docs/CS-223/PROJECT/project_1/project_1.srcs/constrs_1/new/Basys4.xdc:112]
Resolution: If [get_<value>] was used to populate the object, check to make sure this command returns at least one valid object.
WARNING: [Vivado 12-584] No ports matched 'recentDisplay_loadedVal[0]'. [C:/Users/pamuk/Desktop/CS docs/CS-223/PROJECT/project_1/project_1.srcs/constrs_1/new/Basys4.xdc:113]
CRITICAL WARNING: [Common 17-55] 'set_property' expects at least one object. [C:/Users/pamuk/Desktop/CS docs/CS-223/PROJECT/project_1/project_1.srcs/constrs_1/new/Basys4.xdc:113]
Resolution: If [get_<value>] was used to populate the object, check to make sure this command returns at least one valid object.
WARNING: [Vivado 12-584] No ports matched 'recentDisplay_loadedVal[7]'. [C:/Users/pamuk/Desktop/CS docs/CS-223/PROJECT/project_1/project_1.srcs/constrs_1/new/Basys4.xdc:114]
CRITICAL WARNING: [Common 17-55] 'set_property' expects at least one object. [C:/Users/pamuk/Desktop/CS docs/CS-223/PROJECT/project_1/project_1.srcs/constrs_1/new/Basys4.xdc:114]
Resolution: If [get_<value>] was used to populate the object, check to make sure this command returns at least one valid object.
WARNING: [Vivado 12-584] No ports matched 'recentDisplay_loadedVal[6]'. [C:/Users/pamuk/Desktop/CS docs/CS-223/PROJECT/project_1/project_1.srcs/constrs_1/new/Basys4.xdc:115]
CRITICAL WARNING: [Common 17-55] 'set_property' expects at least one object. [C:/Users/pamuk/Desktop/CS docs/CS-223/PROJECT/project_1/project_1.srcs/constrs_1/new/Basys4.xdc:115]
Resolution: If [get_<value>] was used to populate the object, check to make sure this command returns at least one valid object.
WARNING: [Vivado 12-584] No ports matched 'recentDisplay_loadedVal[5]'. [C:/Users/pamuk/Desktop/CS docs/CS-223/PROJECT/project_1/project_1.srcs/constrs_1/new/Basys4.xdc:116]
CRITICAL WARNING: [Common 17-55] 'set_property' expects at least one object. [C:/Users/pamuk/Desktop/CS docs/CS-223/PROJECT/project_1/project_1.srcs/constrs_1/new/Basys4.xdc:116]
Resolution: If [get_<value>] was used to populate the object, check to make sure this command returns at least one valid object.
WARNING: [Vivado 12-584] No ports matched 'recentDisplay_loadedVal[4]'. [C:/Users/pamuk/Desktop/CS docs/CS-223/PROJECT/project_1/project_1.srcs/constrs_1/new/Basys4.xdc:117]
INFO: [Common 17-14] Message 'Vivado 12-584' appears 100 times and further instances of the messages will be disabled. Use the Tcl command set_msg_config to change the current settings. [C:/Users/pamuk/Desktop/CS docs/CS-223/PROJECT/project_1/project_1.srcs/constrs_1/new/Basys4.xdc:117]
Finished Parsing XDC File [C:/Users/pamuk/Desktop/CS docs/CS-223/PROJECT/project_1/project_1.srcs/constrs_1/new/Basys4.xdc]
INFO: [Project 1-236] Implementation specific constraints were found while reading constraint file [C:/Users/pamuk/Desktop/CS docs/CS-223/PROJECT/project_1/project_1.srcs/constrs_1/new/Basys4.xdc]. These constraints will be ignored for synthesis but will be used in implementation. Impacted constraints are listed in the file [.Xil/top_module_propImpl.xdc].
Resolution: To avoid this warning, move constraints listed in [.Xil/top_module_propImpl.xdc] to another XDC file and exclude this new file from synthesis with the used_in_synthesis property (File Properties dialog in GUI) and re-run elaboration/synthesis.
Completed Processing XDC Constraints

Netlist sorting complete. Time (s): cpu = 00:00:00 ; elapsed = 00:00:00 . Memory (MB): peak = 1480.391 ; gain = 0.000
INFO: [Project 1-111] Unisim Transformation Summary:
No Unisim elements were transformed.

Access is denied.
Constraint Validation Runtime : Time (s): cpu = 00:00:00 ; elapsed = 00:00:00.005 . Memory (MB): peak = 1480.391 ; gain = 0.000
INFO: [Designutils 20-5440] No compile time benefit to using incremental synthesis; A full resynthesis will be run
INFO: [Designutils 20-4379] Flow is switching to default flow due to incremental criteria not met. If you would like to alter this behaviour and have the flow terminate instead, please set the following parameter config_implementation {autoIncr.Synth.RejectBehavior Terminate}
---------------------------------------------------------------------------------
Finished Constraint Validation : Time (s): cpu = 00:00:06 ; elapsed = 00:00:14 . Memory (MB): peak = 1480.391 ; gain = 599.555
---------------------------------------------------------------------------------
---------------------------------------------------------------------------------
Start Loading Part and Timing Information
---------------------------------------------------------------------------------
Loading part: xc7a35tcpg236-1
---------------------------------------------------------------------------------
Finished Loading Part and Timing Information : Time (s): cpu = 00:00:06 ; elapsed = 00:00:14 . Memory (MB): peak = 1480.391 ; gain = 599.555
---------------------------------------------------------------------------------
---------------------------------------------------------------------------------
Start Applying 'set_property' XDC Constraints
---------------------------------------------------------------------------------
---------------------------------------------------------------------------------
Finished applying 'set_property' XDC Constraints : Time (s): cpu = 00:00:06 ; elapsed = 00:00:14 . Memory (MB): peak = 1480.391 ; gain = 599.555
---------------------------------------------------------------------------------
INFO: [Synth 8-802] inferred FSM for state register 'state_reg' in module 'tx'
---------------------------------------------------------------------------------------------------
                   State |                     New Encoding |                Previous Encoding 
---------------------------------------------------------------------------------------------------
              IDLE_STATE |                               00 |                               00
             START_STATE |                               01 |                               01
                SEND_BIT |                               10 |                               10
              STOP_STATE |                               11 |                               11
---------------------------------------------------------------------------------------------------
INFO: [Synth 8-3354] encoded FSM with state register 'state_reg' using encoding 'sequential' in module 'tx'
---------------------------------------------------------------------------------
Finished RTL Optimization Phase 2 : Time (s): cpu = 00:00:06 ; elapsed = 00:00:14 . Memory (MB): peak = 1480.391 ; gain = 599.555
---------------------------------------------------------------------------------
---------------------------------------------------------------------------------
Start RTL Component Statistics 
---------------------------------------------------------------------------------
Detailed RTL Component Info : 
+---Adders : 
	   2 Input   16 Bit       Adders := 2     
	   2 Input    4 Bit       Adders := 2     
	   2 Input    2 Bit       Adders := 3     
+---XORs : 
	   8 Input      1 Bit         XORs := 2     
+---Registers : 
	               32 Bit    Registers := 2     
	               16 Bit    Registers := 2     
	                9 Bit    Registers := 2     
	                8 Bit    Registers := 3     
	                7 Bit    Registers := 1     
	                5 Bit    Registers := 2     
	                4 Bit    Registers := 5     
	                2 Bit    Registers := 6     
	                1 Bit    Registers := 15    
+---Muxes : 
	   2 Input   32 Bit        Muxes := 2     
	   2 Input   16 Bit        Muxes := 2     
	   3 Input   16 Bit        Muxes := 1     
	   4 Input   16 Bit        Muxes := 1     
	   4 Input    9 Bit        Muxes := 1     
	   2 Input    9 Bit        Muxes := 6     
	   4 Input    5 Bit        Muxes := 1     
	   4 Input    4 Bit        Muxes := 1     
	   2 Input    4 Bit        Muxes := 2     
	   2 Input    2 Bit        Muxes := 8     
	   4 Input    2 Bit        Muxes := 2     
	   3 Input    2 Bit        Muxes := 1     
	   2 Input    1 Bit        Muxes := 9     
	   8 Input    1 Bit        Muxes := 1     
	   4 Input    1 Bit        Muxes := 7     
	   3 Input    1 Bit        Muxes := 3     
---------------------------------------------------------------------------------
Finished RTL Component Statistics 
---------------------------------------------------------------------------------
---------------------------------------------------------------------------------
Start Part Resource Summary
---------------------------------------------------------------------------------
Part Resources:
DSPs: 90 (col length:60)
BRAMs: 100 (col length: RAMB18 60 RAMB36 30)
---------------------------------------------------------------------------------
Finished Part Resource Summary
---------------------------------------------------------------------------------
---------------------------------------------------------------------------------
Start Cross Boundary and Area Optimization
---------------------------------------------------------------------------------
WARNING: [Synth 8-7080] Parallel synthesis criteria is not met
---------------------------------------------------------------------------------
Finished Cross Boundary and Area Optimization : Time (s): cpu = 00:00:07 ; elapsed = 00:00:17 . Memory (MB): peak = 1480.391 ; gain = 599.555
---------------------------------------------------------------------------------
---------------------------------------------------------------------------------
Start ROM, RAM, DSP, Shift Register and Retiming Reporting
---------------------------------------------------------------------------------

ROM: Preliminary Mapping Report
+--------------+-------------+---------------+----------------+
|Module Name   | RTL Object  | Depth x Width | Implemented As | 
+--------------+-------------+---------------+----------------+
|displayMemory | segments    | 32x7          | LUT            | 
|top_module    | s1/segments | 32x7          | LUT            | 
+--------------+-------------+---------------+----------------+

---------------------------------------------------------------------------------
Finished ROM, RAM, DSP, Shift Register and Retiming Reporting
---------------------------------------------------------------------------------
---------------------------------------------------------------------------------
Start Applying XDC Timing Constraints
---------------------------------------------------------------------------------
---------------------------------------------------------------------------------
Finished Applying XDC Timing Constraints : Time (s): cpu = 00:00:08 ; elapsed = 00:00:22 . Memory (MB): peak = 1480.391 ; gain = 599.555
---------------------------------------------------------------------------------
---------------------------------------------------------------------------------
Start Timing Optimization
---------------------------------------------------------------------------------
---------------------------------------------------------------------------------
Finished Timing Optimization : Time (s): cpu = 00:00:08 ; elapsed = 00:00:22 . Memory (MB): peak = 1480.391 ; gain = 599.555
---------------------------------------------------------------------------------
---------------------------------------------------------------------------------
Start Technology Mapping
---------------------------------------------------------------------------------
---------------------------------------------------------------------------------
Finished Technology Mapping : Time (s): cpu = 00:00:08 ; elapsed = 00:00:22 . Memory (MB): peak = 1480.391 ; gain = 599.555
---------------------------------------------------------------------------------
---------------------------------------------------------------------------------
Start IO Insertion
---------------------------------------------------------------------------------
---------------------------------------------------------------------------------
Start Flattening Before IO Insertion
---------------------------------------------------------------------------------
---------------------------------------------------------------------------------
Finished Flattening Before IO Insertion
---------------------------------------------------------------------------------
---------------------------------------------------------------------------------
Start Final Netlist Cleanup
---------------------------------------------------------------------------------
---------------------------------------------------------------------------------
Finished Final Netlist Cleanup
---------------------------------------------------------------------------------
---------------------------------------------------------------------------------
Finished IO Insertion : Time (s): cpu = 00:00:10 ; elapsed = 00:00:27 . Memory (MB): peak = 1480.391 ; gain = 599.555
---------------------------------------------------------------------------------
---------------------------------------------------------------------------------
Start Renaming Generated Instances
---------------------------------------------------------------------------------
---------------------------------------------------------------------------------
Finished Renaming Generated Instances : Time (s): cpu = 00:00:10 ; elapsed = 00:00:27 . Memory (MB): peak = 1480.391 ; gain = 599.555
---------------------------------------------------------------------------------
---------------------------------------------------------------------------------
Start Rebuilding User Hierarchy
---------------------------------------------------------------------------------
---------------------------------------------------------------------------------
Finished Rebuilding User Hierarchy : Time (s): cpu = 00:00:10 ; elapsed = 00:00:27 . Memory (MB): peak = 1480.391 ; gain = 599.555
---------------------------------------------------------------------------------
---------------------------------------------------------------------------------
Start Renaming Generated Ports
---------------------------------------------------------------------------------
---------------------------------------------------------------------------------
Finished Renaming Generated Ports : Time (s): cpu = 00:00:10 ; elapsed = 00:00:27 . Memory (MB): peak = 1480.391 ; gain = 599.555
---------------------------------------------------------------------------------
---------------------------------------------------------------------------------
Start Handling Custom Attributes
---------------------------------------------------------------------------------
---------------------------------------------------------------------------------
Finished Handling Custom Attributes : Time (s): cpu = 00:00:10 ; elapsed = 00:00:27 . Memory (MB): peak = 1480.391 ; gain = 599.555
---------------------------------------------------------------------------------
---------------------------------------------------------------------------------
Start Renaming Generated Nets
---------------------------------------------------------------------------------
---------------------------------------------------------------------------------
Finished Renaming Generated Nets : Time (s): cpu = 00:00:10 ; elapsed = 00:00:27 . Memory (MB): peak = 1480.391 ; gain = 599.555
---------------------------------------------------------------------------------
---------------------------------------------------------------------------------
Start Writing Synthesis Report
---------------------------------------------------------------------------------

Report BlackBoxes: 
+-+--------------+----------+
| |BlackBox name |Instances |
+-+--------------+----------+
+-+--------------+----------+

Report Cell Usage: 
+------+-------+------+
|      |Cell   |Count |
+------+-------+------+
|1     |BUFG   |     1|
|2     |CARRY4 |    13|
|3     |LUT1   |     4|
|4     |LUT2   |    16|
|5     |LUT3   |    10|
|6     |LUT4   |    42|
|7     |LUT5   |    16|
|8     |LUT6   |    59|
|9     |MUXF7  |     8|
|10    |FDRE   |   192|
|11    |FDSE   |    20|
|12    |IBUF   |    16|
|13    |OBUF   |    28|
+------+-------+------+
---------------------------------------------------------------------------------
Finished Writing Synthesis Report : Time (s): cpu = 00:00:10 ; elapsed = 00:00:27 . Memory (MB): peak = 1480.391 ; gain = 599.555
---------------------------------------------------------------------------------
Synthesis finished with 0 errors, 0 critical warnings and 1 warnings.
Synthesis Optimization Runtime : Time (s): cpu = 00:00:07 ; elapsed = 00:00:25 . Memory (MB): peak = 1480.391 ; gain = 549.949
Synthesis Optimization Complete : Time (s): cpu = 00:00:10 ; elapsed = 00:00:27 . Memory (MB): peak = 1480.391 ; gain = 599.555
INFO: [Project 1-571] Translating synthesized netlist
Netlist sorting complete. Time (s): cpu = 00:00:00 ; elapsed = 00:00:00.003 . Memory (MB): peak = 1480.391 ; gain = 0.000
INFO: [Netlist 29-17] Analyzing 21 Unisim elements for replacement
INFO: [Netlist 29-28] Unisim Transformation completed in 0 CPU seconds
INFO: [Project 1-570] Preparing netlist for logic optimization
INFO: [Opt 31-138] Pushed 0 inverter(s) to 0 load pin(s).
Netlist sorting complete. Time (s): cpu = 00:00:00 ; elapsed = 00:00:00 . Memory (MB): peak = 1480.391 ; gain = 0.000
INFO: [Project 1-111] Unisim Transformation Summary:
No Unisim elements were transformed.

Access is denied.
Synth Design complete | Checksum: 4fd30ed2
INFO: [Common 17-83] Releasing license: Synthesis
40 Infos, 105 Warnings, 100 Critical Warnings and 0 Errors encountered.
synth_design completed successfully
synth_design: Time (s): cpu = 00:00:11 ; elapsed = 00:00:31 . Memory (MB): peak = 1480.391 ; gain = 991.785
INFO: [runtcl-6] Synthesis results are not added to the cache due to CRITICAL_WARNING
Write ShapeDB Complete: Time (s): cpu = 00:00:00 ; elapsed = 00:00:00.001 . Memory (MB): peak = 1480.391 ; gain = 0.000
INFO: [Common 17-1381] The checkpoint 'C:/Users/pamuk/Desktop/CS docs/CS-223/PROJECT/project_1/project_1.runs/synth_1/top_module.dcp' has been generated.
INFO: [runtcl-4] Executing : report_utilization -file top_module_utilization_synth.rpt -pb top_module_utilization_synth.pb
INFO: [Common 17-206] Exiting Vivado at Thu May  9 15:26:49 2024...
