
*** Running vivado
    with args -log decoder2to4.vds -m64 -product Vivado -mode batch -messageDb vivado.pb -notrace -source decoder2to4.tcl


ECHO is off.
ECHO is off.

****** Vivado v2023.2 (64-bit)
  **** SW Build 4029153 on Fri Oct 13 20:14:34 MDT 2023
  **** IP Build 4028589 on Sat Oct 14 00:45:43 MDT 2023
  **** SharedData Build 4025554 on Tue Oct 10 17:18:54 MDT 2023
    ** Copyright 1986-2022 Xilinx, Inc. All Rights Reserved.
    ** Copyright 2022-2023 Advanced Micro Devices, Inc. All Rights Reserved.

source decoder2to4.tcl -notrace
Command: read_checkpoint -auto_incremental -incremental {C:/Users/pamuk/Desktop/CS docs/CS-223/Lab03/Lab03.srcs/utils_1/imports/synth_1/decoder2to4.dcp}
INFO: [Vivado 12-5825] Read reference checkpoint from C:/Users/pamuk/Desktop/CS docs/CS-223/Lab03/Lab03.srcs/utils_1/imports/synth_1/decoder2to4.dcp for incremental synthesis
INFO: [Vivado 12-7989] Please ensure there are no constraint changes
Command: synth_design -top decoder2to4 -part xc7a35tcpg236-1
Starting synth_design
Attempting to get a license for feature 'Synthesis' and/or device 'xc7a35t'
INFO: [Common 17-349] Got license for feature 'Synthesis' and/or device 'xc7a35t'
INFO: [Device 21-403] Loading part xc7a35tcpg236-1
INFO: [Synth 8-7079] Multithreading enabled for synth_design using a maximum of 2 processes.
INFO: [Synth 8-7078] Launching helper process for spawning children vivado processes
INFO: [Synth 8-7075] Helper process launched with PID 17336
---------------------------------------------------------------------------------
Starting RTL Elaboration : Time (s): cpu = 00:00:04 ; elapsed = 00:00:04 . Memory (MB): peak = 1318.598 ; gain = 438.156
---------------------------------------------------------------------------------
INFO: [Synth 8-6157] synthesizing module 'decoder2to4' [C:/Users/pamuk/Desktop/CS docs/CS-223/Lab03/Lab03.srcs/sources_1/new/decoder2to4.v:23]
INFO: [Synth 8-6155] done synthesizing module 'decoder2to4' (0#1) [C:/Users/pamuk/Desktop/CS docs/CS-223/Lab03/Lab03.srcs/sources_1/new/decoder2to4.v:23]
---------------------------------------------------------------------------------
Finished RTL Elaboration : Time (s): cpu = 00:00:05 ; elapsed = 00:00:06 . Memory (MB): peak = 1425.289 ; gain = 544.848
---------------------------------------------------------------------------------
---------------------------------------------------------------------------------
Start Handling Custom Attributes
---------------------------------------------------------------------------------
---------------------------------------------------------------------------------
Finished Handling Custom Attributes : Time (s): cpu = 00:00:05 ; elapsed = 00:00:06 . Memory (MB): peak = 1425.289 ; gain = 544.848
---------------------------------------------------------------------------------
---------------------------------------------------------------------------------
Finished RTL Optimization Phase 1 : Time (s): cpu = 00:00:05 ; elapsed = 00:00:06 . Memory (MB): peak = 1425.289 ; gain = 544.848
---------------------------------------------------------------------------------
Netlist sorting complete. Time (s): cpu = 00:00:00 ; elapsed = 00:00:00 . Memory (MB): peak = 1425.289 ; gain = 0.000
INFO: [Project 1-570] Preparing netlist for logic optimization

Processing XDC Constraints
Initializing timing engine
Parsing XDC File [C:/Users/pamuk/Desktop/CS docs/CS-223/Lab03/Lab03.srcs/constrs_1/new/Basys3xdc.xdc]
WARNING: [Vivado 12-584] No ports matched 'Y'. [C:/Users/pamuk/Desktop/CS docs/CS-223/Lab03/Lab03.srcs/constrs_1/new/Basys3xdc.xdc:14]
CRITICAL WARNING: [Common 17-55] 'set_property' expects at least one object. [C:/Users/pamuk/Desktop/CS docs/CS-223/Lab03/Lab03.srcs/constrs_1/new/Basys3xdc.xdc:14]
Resolution: If [get_<value>] was used to populate the object, check to make sure this command returns at least one valid object.
WARNING: [Vivado 12-584] No ports matched 'w1'. [C:/Users/pamuk/Desktop/CS docs/CS-223/Lab03/Lab03.srcs/constrs_1/new/Basys3xdc.xdc:15]
CRITICAL WARNING: [Common 17-55] 'set_property' expects at least one object. [C:/Users/pamuk/Desktop/CS docs/CS-223/Lab03/Lab03.srcs/constrs_1/new/Basys3xdc.xdc:15]
Resolution: If [get_<value>] was used to populate the object, check to make sure this command returns at least one valid object.
WARNING: [Vivado 12-584] No ports matched 'w2'. [C:/Users/pamuk/Desktop/CS docs/CS-223/Lab03/Lab03.srcs/constrs_1/new/Basys3xdc.xdc:16]
CRITICAL WARNING: [Common 17-55] 'set_property' expects at least one object. [C:/Users/pamuk/Desktop/CS docs/CS-223/Lab03/Lab03.srcs/constrs_1/new/Basys3xdc.xdc:16]
Resolution: If [get_<value>] was used to populate the object, check to make sure this command returns at least one valid object.
WARNING: [Vivado 12-584] No ports matched 'w3'. [C:/Users/pamuk/Desktop/CS docs/CS-223/Lab03/Lab03.srcs/constrs_1/new/Basys3xdc.xdc:17]
CRITICAL WARNING: [Common 17-55] 'set_property' expects at least one object. [C:/Users/pamuk/Desktop/CS docs/CS-223/Lab03/Lab03.srcs/constrs_1/new/Basys3xdc.xdc:17]
Resolution: If [get_<value>] was used to populate the object, check to make sure this command returns at least one valid object.
WARNING: [Vivado 12-584] No ports matched 'Y[3]'. [C:/Users/pamuk/Desktop/CS docs/CS-223/Lab03/Lab03.srcs/constrs_1/new/Basys3xdc.xdc:18]
CRITICAL WARNING: [Common 17-55] 'set_property' expects at least one object. [C:/Users/pamuk/Desktop/CS docs/CS-223/Lab03/Lab03.srcs/constrs_1/new/Basys3xdc.xdc:18]
Resolution: If [get_<value>] was used to populate the object, check to make sure this command returns at least one valid object.
WARNING: [Vivado 12-584] No ports matched 'Y[2]'. [C:/Users/pamuk/Desktop/CS docs/CS-223/Lab03/Lab03.srcs/constrs_1/new/Basys3xdc.xdc:19]
CRITICAL WARNING: [Common 17-55] 'set_property' expects at least one object. [C:/Users/pamuk/Desktop/CS docs/CS-223/Lab03/Lab03.srcs/constrs_1/new/Basys3xdc.xdc:19]
Resolution: If [get_<value>] was used to populate the object, check to make sure this command returns at least one valid object.
WARNING: [Vivado 12-584] No ports matched 'Y[1]'. [C:/Users/pamuk/Desktop/CS docs/CS-223/Lab03/Lab03.srcs/constrs_1/new/Basys3xdc.xdc:20]
CRITICAL WARNING: [Common 17-55] 'set_property' expects at least one object. [C:/Users/pamuk/Desktop/CS docs/CS-223/Lab03/Lab03.srcs/constrs_1/new/Basys3xdc.xdc:20]
Resolution: If [get_<value>] was used to populate the object, check to make sure this command returns at least one valid object.
WARNING: [Vivado 12-584] No ports matched 'Y[0]'. [C:/Users/pamuk/Desktop/CS docs/CS-223/Lab03/Lab03.srcs/constrs_1/new/Basys3xdc.xdc:21]
CRITICAL WARNING: [Common 17-55] 'set_property' expects at least one object. [C:/Users/pamuk/Desktop/CS docs/CS-223/Lab03/Lab03.srcs/constrs_1/new/Basys3xdc.xdc:21]
Resolution: If [get_<value>] was used to populate the object, check to make sure this command returns at least one valid object.
WARNING: [Vivado 12-584] No ports matched 'w1'. [C:/Users/pamuk/Desktop/CS docs/CS-223/Lab03/Lab03.srcs/constrs_1/new/Basys3xdc.xdc:22]
CRITICAL WARNING: [Common 17-55] 'set_property' expects at least one object. [C:/Users/pamuk/Desktop/CS docs/CS-223/Lab03/Lab03.srcs/constrs_1/new/Basys3xdc.xdc:22]
Resolution: If [get_<value>] was used to populate the object, check to make sure this command returns at least one valid object.
WARNING: [Vivado 12-584] No ports matched 'w2'. [C:/Users/pamuk/Desktop/CS docs/CS-223/Lab03/Lab03.srcs/constrs_1/new/Basys3xdc.xdc:23]
CRITICAL WARNING: [Common 17-55] 'set_property' expects at least one object. [C:/Users/pamuk/Desktop/CS docs/CS-223/Lab03/Lab03.srcs/constrs_1/new/Basys3xdc.xdc:23]
Resolution: If [get_<value>] was used to populate the object, check to make sure this command returns at least one valid object.
WARNING: [Vivado 12-584] No ports matched 'w3'. [C:/Users/pamuk/Desktop/CS docs/CS-223/Lab03/Lab03.srcs/constrs_1/new/Basys3xdc.xdc:24]
CRITICAL WARNING: [Common 17-55] 'set_property' expects at least one object. [C:/Users/pamuk/Desktop/CS docs/CS-223/Lab03/Lab03.srcs/constrs_1/new/Basys3xdc.xdc:24]
Resolution: If [get_<value>] was used to populate the object, check to make sure this command returns at least one valid object.
WARNING: [Vivado 12-584] No ports matched 'S[1]'. [C:/Users/pamuk/Desktop/CS docs/CS-223/Lab03/Lab03.srcs/constrs_1/new/Basys3xdc.xdc:26]
CRITICAL WARNING: [Common 17-55] 'set_property' expects at least one object. [C:/Users/pamuk/Desktop/CS docs/CS-223/Lab03/Lab03.srcs/constrs_1/new/Basys3xdc.xdc:26]
Resolution: If [get_<value>] was used to populate the object, check to make sure this command returns at least one valid object.
WARNING: [Vivado 12-584] No ports matched 'S[2]'. [C:/Users/pamuk/Desktop/CS docs/CS-223/Lab03/Lab03.srcs/constrs_1/new/Basys3xdc.xdc:27]
CRITICAL WARNING: [Common 17-55] 'set_property' expects at least one object. [C:/Users/pamuk/Desktop/CS docs/CS-223/Lab03/Lab03.srcs/constrs_1/new/Basys3xdc.xdc:27]
Resolution: If [get_<value>] was used to populate the object, check to make sure this command returns at least one valid object.
WARNING: [Vivado 12-584] No ports matched 'A[2]'. [C:/Users/pamuk/Desktop/CS docs/CS-223/Lab03/Lab03.srcs/constrs_1/new/Basys3xdc.xdc:28]
CRITICAL WARNING: [Common 17-55] 'set_property' expects at least one object. [C:/Users/pamuk/Desktop/CS docs/CS-223/Lab03/Lab03.srcs/constrs_1/new/Basys3xdc.xdc:28]
Resolution: If [get_<value>] was used to populate the object, check to make sure this command returns at least one valid object.
WARNING: [Vivado 12-584] No ports matched 'A[3]'. [C:/Users/pamuk/Desktop/CS docs/CS-223/Lab03/Lab03.srcs/constrs_1/new/Basys3xdc.xdc:29]
CRITICAL WARNING: [Common 17-55] 'set_property' expects at least one object. [C:/Users/pamuk/Desktop/CS docs/CS-223/Lab03/Lab03.srcs/constrs_1/new/Basys3xdc.xdc:29]
Resolution: If [get_<value>] was used to populate the object, check to make sure this command returns at least one valid object.
WARNING: [Vivado 12-584] No ports matched 'A[4]'. [C:/Users/pamuk/Desktop/CS docs/CS-223/Lab03/Lab03.srcs/constrs_1/new/Basys3xdc.xdc:30]
CRITICAL WARNING: [Common 17-55] 'set_property' expects at least one object. [C:/Users/pamuk/Desktop/CS docs/CS-223/Lab03/Lab03.srcs/constrs_1/new/Basys3xdc.xdc:30]
Resolution: If [get_<value>] was used to populate the object, check to make sure this command returns at least one valid object.
WARNING: [Vivado 12-584] No ports matched 'A[5]'. [C:/Users/pamuk/Desktop/CS docs/CS-223/Lab03/Lab03.srcs/constrs_1/new/Basys3xdc.xdc:31]
CRITICAL WARNING: [Common 17-55] 'set_property' expects at least one object. [C:/Users/pamuk/Desktop/CS docs/CS-223/Lab03/Lab03.srcs/constrs_1/new/Basys3xdc.xdc:31]
Resolution: If [get_<value>] was used to populate the object, check to make sure this command returns at least one valid object.
WARNING: [Vivado 12-584] No ports matched 'A[6]'. [C:/Users/pamuk/Desktop/CS docs/CS-223/Lab03/Lab03.srcs/constrs_1/new/Basys3xdc.xdc:32]
CRITICAL WARNING: [Common 17-55] 'set_property' expects at least one object. [C:/Users/pamuk/Desktop/CS docs/CS-223/Lab03/Lab03.srcs/constrs_1/new/Basys3xdc.xdc:32]
Resolution: If [get_<value>] was used to populate the object, check to make sure this command returns at least one valid object.
WARNING: [Vivado 12-584] No ports matched 'A[7]'. [C:/Users/pamuk/Desktop/CS docs/CS-223/Lab03/Lab03.srcs/constrs_1/new/Basys3xdc.xdc:33]
CRITICAL WARNING: [Common 17-55] 'set_property' expects at least one object. [C:/Users/pamuk/Desktop/CS docs/CS-223/Lab03/Lab03.srcs/constrs_1/new/Basys3xdc.xdc:33]
Resolution: If [get_<value>] was used to populate the object, check to make sure this command returns at least one valid object.
WARNING: [Vivado 12-584] No ports matched 'S[2]'. [C:/Users/pamuk/Desktop/CS docs/CS-223/Lab03/Lab03.srcs/constrs_1/new/Basys3xdc.xdc:34]
CRITICAL WARNING: [Common 17-55] 'set_property' expects at least one object. [C:/Users/pamuk/Desktop/CS docs/CS-223/Lab03/Lab03.srcs/constrs_1/new/Basys3xdc.xdc:34]
Resolution: If [get_<value>] was used to populate the object, check to make sure this command returns at least one valid object.
WARNING: [Vivado 12-584] No ports matched 'S[1]'. [C:/Users/pamuk/Desktop/CS docs/CS-223/Lab03/Lab03.srcs/constrs_1/new/Basys3xdc.xdc:35]
CRITICAL WARNING: [Common 17-55] 'set_property' expects at least one object. [C:/Users/pamuk/Desktop/CS docs/CS-223/Lab03/Lab03.srcs/constrs_1/new/Basys3xdc.xdc:35]
Resolution: If [get_<value>] was used to populate the object, check to make sure this command returns at least one valid object.
WARNING: [Vivado 12-584] No ports matched 'S[0]'. [C:/Users/pamuk/Desktop/CS docs/CS-223/Lab03/Lab03.srcs/constrs_1/new/Basys3xdc.xdc:36]
CRITICAL WARNING: [Common 17-55] 'set_property' expects at least one object. [C:/Users/pamuk/Desktop/CS docs/CS-223/Lab03/Lab03.srcs/constrs_1/new/Basys3xdc.xdc:36]
Resolution: If [get_<value>] was used to populate the object, check to make sure this command returns at least one valid object.
WARNING: [Vivado 12-584] No ports matched 'S[0]'. [C:/Users/pamuk/Desktop/CS docs/CS-223/Lab03/Lab03.srcs/constrs_1/new/Basys3xdc.xdc:38]
CRITICAL WARNING: [Common 17-55] 'set_property' expects at least one object. [C:/Users/pamuk/Desktop/CS docs/CS-223/Lab03/Lab03.srcs/constrs_1/new/Basys3xdc.xdc:38]
Resolution: If [get_<value>] was used to populate the object, check to make sure this command returns at least one valid object.
WARNING: [Vivado 12-584] No ports matched 'B'. [C:/Users/pamuk/Desktop/CS docs/CS-223/Lab03/Lab03.srcs/constrs_1/new/Basys3xdc.xdc:41]
CRITICAL WARNING: [Common 17-55] 'set_property' expects at least one object. [C:/Users/pamuk/Desktop/CS docs/CS-223/Lab03/Lab03.srcs/constrs_1/new/Basys3xdc.xdc:41]
Resolution: If [get_<value>] was used to populate the object, check to make sure this command returns at least one valid object.
WARNING: [Vivado 12-584] No ports matched 'C'. [C:/Users/pamuk/Desktop/CS docs/CS-223/Lab03/Lab03.srcs/constrs_1/new/Basys3xdc.xdc:42]
CRITICAL WARNING: [Common 17-55] 'set_property' expects at least one object. [C:/Users/pamuk/Desktop/CS docs/CS-223/Lab03/Lab03.srcs/constrs_1/new/Basys3xdc.xdc:42]
Resolution: If [get_<value>] was used to populate the object, check to make sure this command returns at least one valid object.
WARNING: [Vivado 12-584] No ports matched 'D'. [C:/Users/pamuk/Desktop/CS docs/CS-223/Lab03/Lab03.srcs/constrs_1/new/Basys3xdc.xdc:43]
CRITICAL WARNING: [Common 17-55] 'set_property' expects at least one object. [C:/Users/pamuk/Desktop/CS docs/CS-223/Lab03/Lab03.srcs/constrs_1/new/Basys3xdc.xdc:43]
Resolution: If [get_<value>] was used to populate the object, check to make sure this command returns at least one valid object.
WARNING: [Vivado 12-584] No ports matched 'E'. [C:/Users/pamuk/Desktop/CS docs/CS-223/Lab03/Lab03.srcs/constrs_1/new/Basys3xdc.xdc:44]
CRITICAL WARNING: [Common 17-55] 'set_property' expects at least one object. [C:/Users/pamuk/Desktop/CS docs/CS-223/Lab03/Lab03.srcs/constrs_1/new/Basys3xdc.xdc:44]
Resolution: If [get_<value>] was used to populate the object, check to make sure this command returns at least one valid object.
WARNING: [Vivado 12-584] No ports matched 'F'. [C:/Users/pamuk/Desktop/CS docs/CS-223/Lab03/Lab03.srcs/constrs_1/new/Basys3xdc.xdc:45]
CRITICAL WARNING: [Common 17-55] 'set_property' expects at least one object. [C:/Users/pamuk/Desktop/CS docs/CS-223/Lab03/Lab03.srcs/constrs_1/new/Basys3xdc.xdc:45]
Resolution: If [get_<value>] was used to populate the object, check to make sure this command returns at least one valid object.
WARNING: [Vivado 12-584] No ports matched 'A[7]'. [C:/Users/pamuk/Desktop/CS docs/CS-223/Lab03/Lab03.srcs/constrs_1/new/Basys3xdc.xdc:46]
CRITICAL WARNING: [Common 17-55] 'set_property' expects at least one object. [C:/Users/pamuk/Desktop/CS docs/CS-223/Lab03/Lab03.srcs/constrs_1/new/Basys3xdc.xdc:46]
Resolution: If [get_<value>] was used to populate the object, check to make sure this command returns at least one valid object.
WARNING: [Vivado 12-584] No ports matched 'A[6]'. [C:/Users/pamuk/Desktop/CS docs/CS-223/Lab03/Lab03.srcs/constrs_1/new/Basys3xdc.xdc:47]
CRITICAL WARNING: [Common 17-55] 'set_property' expects at least one object. [C:/Users/pamuk/Desktop/CS docs/CS-223/Lab03/Lab03.srcs/constrs_1/new/Basys3xdc.xdc:47]
Resolution: If [get_<value>] was used to populate the object, check to make sure this command returns at least one valid object.
WARNING: [Vivado 12-584] No ports matched 'A[5]'. [C:/Users/pamuk/Desktop/CS docs/CS-223/Lab03/Lab03.srcs/constrs_1/new/Basys3xdc.xdc:48]
CRITICAL WARNING: [Common 17-55] 'set_property' expects at least one object. [C:/Users/pamuk/Desktop/CS docs/CS-223/Lab03/Lab03.srcs/constrs_1/new/Basys3xdc.xdc:48]
Resolution: If [get_<value>] was used to populate the object, check to make sure this command returns at least one valid object.
WARNING: [Vivado 12-584] No ports matched 'A[4]'. [C:/Users/pamuk/Desktop/CS docs/CS-223/Lab03/Lab03.srcs/constrs_1/new/Basys3xdc.xdc:49]
CRITICAL WARNING: [Common 17-55] 'set_property' expects at least one object. [C:/Users/pamuk/Desktop/CS docs/CS-223/Lab03/Lab03.srcs/constrs_1/new/Basys3xdc.xdc:49]
Resolution: If [get_<value>] was used to populate the object, check to make sure this command returns at least one valid object.
WARNING: [Vivado 12-584] No ports matched 'A[3]'. [C:/Users/pamuk/Desktop/CS docs/CS-223/Lab03/Lab03.srcs/constrs_1/new/Basys3xdc.xdc:50]
CRITICAL WARNING: [Common 17-55] 'set_property' expects at least one object. [C:/Users/pamuk/Desktop/CS docs/CS-223/Lab03/Lab03.srcs/constrs_1/new/Basys3xdc.xdc:50]
Resolution: If [get_<value>] was used to populate the object, check to make sure this command returns at least one valid object.
WARNING: [Vivado 12-584] No ports matched 'A[2]'. [C:/Users/pamuk/Desktop/CS docs/CS-223/Lab03/Lab03.srcs/constrs_1/new/Basys3xdc.xdc:51]
CRITICAL WARNING: [Common 17-55] 'set_property' expects at least one object. [C:/Users/pamuk/Desktop/CS docs/CS-223/Lab03/Lab03.srcs/constrs_1/new/Basys3xdc.xdc:51]
Resolution: If [get_<value>] was used to populate the object, check to make sure this command returns at least one valid object.
WARNING: [Vivado 12-584] No ports matched 'B'. [C:/Users/pamuk/Desktop/CS docs/CS-223/Lab03/Lab03.srcs/constrs_1/new/Basys3xdc.xdc:54]
CRITICAL WARNING: [Common 17-55] 'set_property' expects at least one object. [C:/Users/pamuk/Desktop/CS docs/CS-223/Lab03/Lab03.srcs/constrs_1/new/Basys3xdc.xdc:54]
Resolution: If [get_<value>] was used to populate the object, check to make sure this command returns at least one valid object.
WARNING: [Vivado 12-584] No ports matched 'C'. [C:/Users/pamuk/Desktop/CS docs/CS-223/Lab03/Lab03.srcs/constrs_1/new/Basys3xdc.xdc:55]
CRITICAL WARNING: [Common 17-55] 'set_property' expects at least one object. [C:/Users/pamuk/Desktop/CS docs/CS-223/Lab03/Lab03.srcs/constrs_1/new/Basys3xdc.xdc:55]
Resolution: If [get_<value>] was used to populate the object, check to make sure this command returns at least one valid object.
WARNING: [Vivado 12-584] No ports matched 'D'. [C:/Users/pamuk/Desktop/CS docs/CS-223/Lab03/Lab03.srcs/constrs_1/new/Basys3xdc.xdc:56]
CRITICAL WARNING: [Common 17-55] 'set_property' expects at least one object. [C:/Users/pamuk/Desktop/CS docs/CS-223/Lab03/Lab03.srcs/constrs_1/new/Basys3xdc.xdc:56]
Resolution: If [get_<value>] was used to populate the object, check to make sure this command returns at least one valid object.
WARNING: [Vivado 12-584] No ports matched 'E'. [C:/Users/pamuk/Desktop/CS docs/CS-223/Lab03/Lab03.srcs/constrs_1/new/Basys3xdc.xdc:57]
CRITICAL WARNING: [Common 17-55] 'set_property' expects at least one object. [C:/Users/pamuk/Desktop/CS docs/CS-223/Lab03/Lab03.srcs/constrs_1/new/Basys3xdc.xdc:57]
Resolution: If [get_<value>] was used to populate the object, check to make sure this command returns at least one valid object.
WARNING: [Vivado 12-584] No ports matched 'F'. [C:/Users/pamuk/Desktop/CS docs/CS-223/Lab03/Lab03.srcs/constrs_1/new/Basys3xdc.xdc:58]
CRITICAL WARNING: [Common 17-55] 'set_property' expects at least one object. [C:/Users/pamuk/Desktop/CS docs/CS-223/Lab03/Lab03.srcs/constrs_1/new/Basys3xdc.xdc:58]
Resolution: If [get_<value>] was used to populate the object, check to make sure this command returns at least one valid object.
WARNING: [Vivado 12-584] No ports matched 'Y[0]'. [C:/Users/pamuk/Desktop/CS docs/CS-223/Lab03/Lab03.srcs/constrs_1/new/Basys3xdc.xdc:60]
CRITICAL WARNING: [Common 17-55] 'set_property' expects at least one object. [C:/Users/pamuk/Desktop/CS docs/CS-223/Lab03/Lab03.srcs/constrs_1/new/Basys3xdc.xdc:60]
Resolution: If [get_<value>] was used to populate the object, check to make sure this command returns at least one valid object.
WARNING: [Vivado 12-584] No ports matched 'Y[1]'. [C:/Users/pamuk/Desktop/CS docs/CS-223/Lab03/Lab03.srcs/constrs_1/new/Basys3xdc.xdc:61]
CRITICAL WARNING: [Common 17-55] 'set_property' expects at least one object. [C:/Users/pamuk/Desktop/CS docs/CS-223/Lab03/Lab03.srcs/constrs_1/new/Basys3xdc.xdc:61]
Resolution: If [get_<value>] was used to populate the object, check to make sure this command returns at least one valid object.
WARNING: [Vivado 12-584] No ports matched 'Y[2]'. [C:/Users/pamuk/Desktop/CS docs/CS-223/Lab03/Lab03.srcs/constrs_1/new/Basys3xdc.xdc:62]
CRITICAL WARNING: [Common 17-55] 'set_property' expects at least one object. [C:/Users/pamuk/Desktop/CS docs/CS-223/Lab03/Lab03.srcs/constrs_1/new/Basys3xdc.xdc:62]
Resolution: If [get_<value>] was used to populate the object, check to make sure this command returns at least one valid object.
WARNING: [Vivado 12-584] No ports matched 'Y[3]'. [C:/Users/pamuk/Desktop/CS docs/CS-223/Lab03/Lab03.srcs/constrs_1/new/Basys3xdc.xdc:63]
CRITICAL WARNING: [Common 17-55] 'set_property' expects at least one object. [C:/Users/pamuk/Desktop/CS docs/CS-223/Lab03/Lab03.srcs/constrs_1/new/Basys3xdc.xdc:63]
Resolution: If [get_<value>] was used to populate the object, check to make sure this command returns at least one valid object.
WARNING: [Vivado 12-584] No ports matched 'k'. [C:/Users/pamuk/Desktop/CS docs/CS-223/Lab03/Lab03.srcs/constrs_1/new/Basys3xdc.xdc:64]
CRITICAL WARNING: [Common 17-55] 'set_property' expects at least one object. [C:/Users/pamuk/Desktop/CS docs/CS-223/Lab03/Lab03.srcs/constrs_1/new/Basys3xdc.xdc:64]
Resolution: If [get_<value>] was used to populate the object, check to make sure this command returns at least one valid object.
WARNING: [Vivado 12-584] No ports matched 'shift'. [C:/Users/pamuk/Desktop/CS docs/CS-223/Lab03/Lab03.srcs/constrs_1/new/Basys3xdc.xdc:65]
CRITICAL WARNING: [Common 17-55] 'set_property' expects at least one object. [C:/Users/pamuk/Desktop/CS docs/CS-223/Lab03/Lab03.srcs/constrs_1/new/Basys3xdc.xdc:65]
Resolution: If [get_<value>] was used to populate the object, check to make sure this command returns at least one valid object.
WARNING: [Vivado 12-584] No ports matched 'W[0]'. [C:/Users/pamuk/Desktop/CS docs/CS-223/Lab03/Lab03.srcs/constrs_1/new/Basys3xdc.xdc:66]
CRITICAL WARNING: [Common 17-55] 'set_property' expects at least one object. [C:/Users/pamuk/Desktop/CS docs/CS-223/Lab03/Lab03.srcs/constrs_1/new/Basys3xdc.xdc:66]
Resolution: If [get_<value>] was used to populate the object, check to make sure this command returns at least one valid object.
WARNING: [Vivado 12-584] No ports matched 'W[1]'. [C:/Users/pamuk/Desktop/CS docs/CS-223/Lab03/Lab03.srcs/constrs_1/new/Basys3xdc.xdc:67]
CRITICAL WARNING: [Common 17-55] 'set_property' expects at least one object. [C:/Users/pamuk/Desktop/CS docs/CS-223/Lab03/Lab03.srcs/constrs_1/new/Basys3xdc.xdc:67]
Resolution: If [get_<value>] was used to populate the object, check to make sure this command returns at least one valid object.
WARNING: [Vivado 12-584] No ports matched 'W[2]'. [C:/Users/pamuk/Desktop/CS docs/CS-223/Lab03/Lab03.srcs/constrs_1/new/Basys3xdc.xdc:68]
CRITICAL WARNING: [Common 17-55] 'set_property' expects at least one object. [C:/Users/pamuk/Desktop/CS docs/CS-223/Lab03/Lab03.srcs/constrs_1/new/Basys3xdc.xdc:68]
Resolution: If [get_<value>] was used to populate the object, check to make sure this command returns at least one valid object.
WARNING: [Vivado 12-584] No ports matched 'W[3]'. [C:/Users/pamuk/Desktop/CS docs/CS-223/Lab03/Lab03.srcs/constrs_1/new/Basys3xdc.xdc:69]
CRITICAL WARNING: [Common 17-55] 'set_property' expects at least one object. [C:/Users/pamuk/Desktop/CS docs/CS-223/Lab03/Lab03.srcs/constrs_1/new/Basys3xdc.xdc:69]
Resolution: If [get_<value>] was used to populate the object, check to make sure this command returns at least one valid object.
WARNING: [Vivado 12-584] No ports matched 'k'. [C:/Users/pamuk/Desktop/CS docs/CS-223/Lab03/Lab03.srcs/constrs_1/new/Basys3xdc.xdc:70]
CRITICAL WARNING: [Common 17-55] 'set_property' expects at least one object. [C:/Users/pamuk/Desktop/CS docs/CS-223/Lab03/Lab03.srcs/constrs_1/new/Basys3xdc.xdc:70]
Resolution: If [get_<value>] was used to populate the object, check to make sure this command returns at least one valid object.
WARNING: [Vivado 12-584] No ports matched 'shift'. [C:/Users/pamuk/Desktop/CS docs/CS-223/Lab03/Lab03.srcs/constrs_1/new/Basys3xdc.xdc:71]
CRITICAL WARNING: [Common 17-55] 'set_property' expects at least one object. [C:/Users/pamuk/Desktop/CS docs/CS-223/Lab03/Lab03.srcs/constrs_1/new/Basys3xdc.xdc:71]
Resolution: If [get_<value>] was used to populate the object, check to make sure this command returns at least one valid object.
WARNING: [Vivado 12-584] No ports matched 'W[3]'. [C:/Users/pamuk/Desktop/CS docs/CS-223/Lab03/Lab03.srcs/constrs_1/new/Basys3xdc.xdc:72]
CRITICAL WARNING: [Common 17-55] 'set_property' expects at least one object. [C:/Users/pamuk/Desktop/CS docs/CS-223/Lab03/Lab03.srcs/constrs_1/new/Basys3xdc.xdc:72]
Resolution: If [get_<value>] was used to populate the object, check to make sure this command returns at least one valid object.
WARNING: [Vivado 12-584] No ports matched 'W[2]'. [C:/Users/pamuk/Desktop/CS docs/CS-223/Lab03/Lab03.srcs/constrs_1/new/Basys3xdc.xdc:73]
CRITICAL WARNING: [Common 17-55] 'set_property' expects at least one object. [C:/Users/pamuk/Desktop/CS docs/CS-223/Lab03/Lab03.srcs/constrs_1/new/Basys3xdc.xdc:73]
Resolution: If [get_<value>] was used to populate the object, check to make sure this command returns at least one valid object.
WARNING: [Vivado 12-584] No ports matched 'W[1]'. [C:/Users/pamuk/Desktop/CS docs/CS-223/Lab03/Lab03.srcs/constrs_1/new/Basys3xdc.xdc:74]
CRITICAL WARNING: [Common 17-55] 'set_property' expects at least one object. [C:/Users/pamuk/Desktop/CS docs/CS-223/Lab03/Lab03.srcs/constrs_1/new/Basys3xdc.xdc:74]
Resolution: If [get_<value>] was used to populate the object, check to make sure this command returns at least one valid object.
WARNING: [Vivado 12-584] No ports matched 'W[0]'. [C:/Users/pamuk/Desktop/CS docs/CS-223/Lab03/Lab03.srcs/constrs_1/new/Basys3xdc.xdc:75]
CRITICAL WARNING: [Common 17-55] 'set_property' expects at least one object. [C:/Users/pamuk/Desktop/CS docs/CS-223/Lab03/Lab03.srcs/constrs_1/new/Basys3xdc.xdc:75]
Resolution: If [get_<value>] was used to populate the object, check to make sure this command returns at least one valid object.
WARNING: [Vivado 12-584] No ports matched 'Y'. [C:/Users/pamuk/Desktop/CS docs/CS-223/Lab03/Lab03.srcs/constrs_1/new/Basys3xdc.xdc:77]
CRITICAL WARNING: [Common 17-55] 'set_property' expects at least one object. [C:/Users/pamuk/Desktop/CS docs/CS-223/Lab03/Lab03.srcs/constrs_1/new/Basys3xdc.xdc:77]
Resolution: If [get_<value>] was used to populate the object, check to make sure this command returns at least one valid object.
Finished Parsing XDC File [C:/Users/pamuk/Desktop/CS docs/CS-223/Lab03/Lab03.srcs/constrs_1/new/Basys3xdc.xdc]
INFO: [Project 1-236] Implementation specific constraints were found while reading constraint file [C:/Users/pamuk/Desktop/CS docs/CS-223/Lab03/Lab03.srcs/constrs_1/new/Basys3xdc.xdc]. These constraints will be ignored for synthesis but will be used in implementation. Impacted constraints are listed in the file [.Xil/decoder2to4_propImpl.xdc].
Resolution: To avoid this warning, move constraints listed in [.Xil/decoder2to4_propImpl.xdc] to another XDC file and exclude this new file from synthesis with the used_in_synthesis property (File Properties dialog in GUI) and re-run elaboration/synthesis.
Completed Processing XDC Constraints

Netlist sorting complete. Time (s): cpu = 00:00:00 ; elapsed = 00:00:00 . Memory (MB): peak = 1454.238 ; gain = 0.000
INFO: [Project 1-111] Unisim Transformation Summary:
No Unisim elements were transformed.

Access is denied.
Constraint Validation Runtime : Time (s): cpu = 00:00:00 ; elapsed = 00:00:00.002 . Memory (MB): peak = 1454.238 ; gain = 0.000
---------------------------------------------------------------------------------
Finished Constraint Validation : Time (s): cpu = 00:00:11 ; elapsed = 00:00:12 . Memory (MB): peak = 1454.238 ; gain = 573.797
---------------------------------------------------------------------------------
---------------------------------------------------------------------------------
Start Loading Part and Timing Information
---------------------------------------------------------------------------------
Loading part: xc7a35tcpg236-1
---------------------------------------------------------------------------------
Finished Loading Part and Timing Information : Time (s): cpu = 00:00:11 ; elapsed = 00:00:12 . Memory (MB): peak = 1454.238 ; gain = 573.797
---------------------------------------------------------------------------------
---------------------------------------------------------------------------------
Start Applying 'set_property' XDC Constraints
---------------------------------------------------------------------------------
---------------------------------------------------------------------------------
Finished applying 'set_property' XDC Constraints : Time (s): cpu = 00:00:11 ; elapsed = 00:00:12 . Memory (MB): peak = 1454.238 ; gain = 573.797
---------------------------------------------------------------------------------
---------------------------------------------------------------------------------
Start Preparing Guide Design
---------------------------------------------------------------------------------
CRITICAL WARNING: [Synth 8-6895] The reference checkpoint C:/Users/pamuk/Desktop/CS docs/CS-223/Lab03/Lab03.srcs/utils_1/imports/synth_1/decoder2to4.dcp is not suitable for use with incremental synthesis for this design. Please regenerate the checkpoint for this design with -incremental_synth switch in the same Vivado session that synth_design has been run. Synthesis will continue with the default flow
---------------------------------------------------------------------------------
Finished Doing Graph Differ : Time (s): cpu = 00:00:11 ; elapsed = 00:00:12 . Memory (MB): peak = 1454.238 ; gain = 573.797
---------------------------------------------------------------------------------
---------------------------------------------------------------------------------
Finished Preparing Guide Design : Time (s): cpu = 00:00:11 ; elapsed = 00:00:12 . Memory (MB): peak = 1454.238 ; gain = 573.797
---------------------------------------------------------------------------------
---------------------------------------------------------------------------------
Finished RTL Optimization Phase 2 : Time (s): cpu = 00:00:11 ; elapsed = 00:00:12 . Memory (MB): peak = 1454.238 ; gain = 573.797
---------------------------------------------------------------------------------


Incremental Synthesis Report Summary:

1. Incremental synthesis run: no

   Reason for not running incremental synthesis : 


INFO: [Synth 8-7130] Flow is switching to default flow due to incremental criteria not met. If you would like to alter this behaviour and have the flow terminate instead, please set the following parameter config_implementation {autoIncr.Synth.RejectBehavior Terminate}
---------------------------------------------------------------------------------
Start RTL Component Statistics 
---------------------------------------------------------------------------------
Detailed RTL Component Info : 
+---Muxes : 
	   2 Input    4 Bit        Muxes := 1     
	   4 Input    4 Bit        Muxes := 1     
---------------------------------------------------------------------------------
Finished RTL Component Statistics 
---------------------------------------------------------------------------------
---------------------------------------------------------------------------------
Start Part Resource Summary
---------------------------------------------------------------------------------
Part Resources:
DSPs: 90 (col length:60)
BRAMs: 100 (col length: RAMB18 60 RAMB36 30)
---------------------------------------------------------------------------------
Finished Part Resource Summary
---------------------------------------------------------------------------------
---------------------------------------------------------------------------------
Start Cross Boundary and Area Optimization
---------------------------------------------------------------------------------
WARNING: [Synth 8-7080] Parallel synthesis criteria is not met
---------------------------------------------------------------------------------
Finished Cross Boundary and Area Optimization : Time (s): cpu = 00:00:13 ; elapsed = 00:00:13 . Memory (MB): peak = 1454.238 ; gain = 573.797
---------------------------------------------------------------------------------
---------------------------------------------------------------------------------
Start Applying XDC Timing Constraints
---------------------------------------------------------------------------------
---------------------------------------------------------------------------------
Finished Applying XDC Timing Constraints : Time (s): cpu = 00:00:17 ; elapsed = 00:00:17 . Memory (MB): peak = 1454.238 ; gain = 573.797
---------------------------------------------------------------------------------
---------------------------------------------------------------------------------
Start Timing Optimization
---------------------------------------------------------------------------------
---------------------------------------------------------------------------------
Finished Timing Optimization : Time (s): cpu = 00:00:17 ; elapsed = 00:00:17 . Memory (MB): peak = 1454.238 ; gain = 573.797
---------------------------------------------------------------------------------
---------------------------------------------------------------------------------
Start Technology Mapping
---------------------------------------------------------------------------------
---------------------------------------------------------------------------------
Finished Technology Mapping : Time (s): cpu = 00:00:17 ; elapsed = 00:00:17 . Memory (MB): peak = 1454.238 ; gain = 573.797
---------------------------------------------------------------------------------
---------------------------------------------------------------------------------
Start IO Insertion
---------------------------------------------------------------------------------
---------------------------------------------------------------------------------
Start Flattening Before IO Insertion
---------------------------------------------------------------------------------
---------------------------------------------------------------------------------
Finished Flattening Before IO Insertion
---------------------------------------------------------------------------------
---------------------------------------------------------------------------------
Start Final Netlist Cleanup
---------------------------------------------------------------------------------
---------------------------------------------------------------------------------
Finished Final Netlist Cleanup
---------------------------------------------------------------------------------
---------------------------------------------------------------------------------
Finished IO Insertion : Time (s): cpu = 00:00:20 ; elapsed = 00:00:21 . Memory (MB): peak = 1454.238 ; gain = 573.797
---------------------------------------------------------------------------------
---------------------------------------------------------------------------------
Start Renaming Generated Instances
---------------------------------------------------------------------------------
---------------------------------------------------------------------------------
Finished Renaming Generated Instances : Time (s): cpu = 00:00:20 ; elapsed = 00:00:21 . Memory (MB): peak = 1454.238 ; gain = 573.797
---------------------------------------------------------------------------------
---------------------------------------------------------------------------------
Start Rebuilding User Hierarchy
---------------------------------------------------------------------------------
---------------------------------------------------------------------------------
Finished Rebuilding User Hierarchy : Time (s): cpu = 00:00:20 ; elapsed = 00:00:21 . Memory (MB): peak = 1454.238 ; gain = 573.797
---------------------------------------------------------------------------------
---------------------------------------------------------------------------------
Start Renaming Generated Ports
---------------------------------------------------------------------------------
---------------------------------------------------------------------------------
Finished Renaming Generated Ports : Time (s): cpu = 00:00:20 ; elapsed = 00:00:21 . Memory (MB): peak = 1454.238 ; gain = 573.797
---------------------------------------------------------------------------------
---------------------------------------------------------------------------------
Start Handling Custom Attributes
---------------------------------------------------------------------------------
---------------------------------------------------------------------------------
Finished Handling Custom Attributes : Time (s): cpu = 00:00:20 ; elapsed = 00:00:21 . Memory (MB): peak = 1454.238 ; gain = 573.797
---------------------------------------------------------------------------------
---------------------------------------------------------------------------------
Start Renaming Generated Nets
---------------------------------------------------------------------------------
---------------------------------------------------------------------------------
Finished Renaming Generated Nets : Time (s): cpu = 00:00:20 ; elapsed = 00:00:21 . Memory (MB): peak = 1454.238 ; gain = 573.797
---------------------------------------------------------------------------------
---------------------------------------------------------------------------------
Start Writing Synthesis Report
---------------------------------------------------------------------------------

Report BlackBoxes: 
+-+--------------+----------+
| |BlackBox name |Instances |
+-+--------------+----------+
+-+--------------+----------+

Report Cell Usage: 
+------+-----+------+
|      |Cell |Count |
+------+-----+------+
|1     |LUT3 |     4|
|2     |IBUF |     3|
|3     |OBUF |     4|
+------+-----+------+
---------------------------------------------------------------------------------
Finished Writing Synthesis Report : Time (s): cpu = 00:00:20 ; elapsed = 00:00:21 . Memory (MB): peak = 1454.238 ; gain = 573.797
---------------------------------------------------------------------------------
Synthesis finished with 0 errors, 1 critical warnings and 1 warnings.
Synthesis Optimization Runtime : Time (s): cpu = 00:00:13 ; elapsed = 00:00:19 . Memory (MB): peak = 1454.238 ; gain = 544.848
Synthesis Optimization Complete : Time (s): cpu = 00:00:20 ; elapsed = 00:00:21 . Memory (MB): peak = 1454.238 ; gain = 573.797
INFO: [Project 1-571] Translating synthesized netlist
Netlist sorting complete. Time (s): cpu = 00:00:00 ; elapsed = 00:00:00 . Memory (MB): peak = 1456.664 ; gain = 0.000
INFO: [Project 1-570] Preparing netlist for logic optimization
INFO: [Opt 31-138] Pushed 0 inverter(s) to 0 load pin(s).
Netlist sorting complete. Time (s): cpu = 00:00:00 ; elapsed = 00:00:00 . Memory (MB): peak = 1461.316 ; gain = 0.000
INFO: [Project 1-111] Unisim Transformation Summary:
No Unisim elements were transformed.

Access is denied.
Synth Design complete | Checksum: 189fe7b9
INFO: [Common 17-83] Releasing license: Synthesis
18 Infos, 57 Warnings, 57 Critical Warnings and 0 Errors encountered.
synth_design completed successfully
synth_design: Time (s): cpu = 00:00:23 ; elapsed = 00:00:24 . Memory (MB): peak = 1461.316 ; gain = 973.707
INFO: [runtcl-6] Synthesis results are not added to the cache due to CRITICAL_WARNING
Write ShapeDB Complete: Time (s): cpu = 00:00:00 ; elapsed = 00:00:00 . Memory (MB): peak = 1461.316 ; gain = 0.000
INFO: [Common 17-1381] The checkpoint 'C:/Users/pamuk/Desktop/CS docs/CS-223/Lab03/Lab03.runs/synth_1/decoder2to4.dcp' has been generated.
INFO: [runtcl-4] Executing : report_utilization -file decoder2to4_utilization_synth.rpt -pb decoder2to4_utilization_synth.pb
INFO: [Common 17-206] Exiting Vivado at Thu Mar 21 16:39:30 2024...
