
*** Running vivado
    with args -log multifunctionRegister.vds -m64 -product Vivado -mode batch -messageDb vivado.pb -notrace -source multifunctionRegister.tcl


ECHO is off.
ECHO is off.

****** Vivado v2023.2 (64-bit)
  **** SW Build 4029153 on Fri Oct 13 20:14:34 MDT 2023
  **** IP Build 4028589 on Sat Oct 14 00:45:43 MDT 2023
  **** SharedData Build 4025554 on Tue Oct 10 17:18:54 MDT 2023
    ** Copyright 1986-2022 Xilinx, Inc. All Rights Reserved.
    ** Copyright 2022-2023 Advanced Micro Devices, Inc. All Rights Reserved.

source multifunctionRegister.tcl -notrace
create_project: Time (s): cpu = 00:00:04 ; elapsed = 00:00:06 . Memory (MB): peak = 485.203 ; gain = 178.840
Command: read_checkpoint -auto_incremental -incremental {C:/Users/pamuk/Desktop/CS docs/CS-223/Lab04/project_1/project_1.srcs/utils_1/imports/synth_1/multifunctionRegister.dcp}
INFO: [Vivado 12-5825] Read reference checkpoint from C:/Users/pamuk/Desktop/CS docs/CS-223/Lab04/project_1/project_1.srcs/utils_1/imports/synth_1/multifunctionRegister.dcp for incremental synthesis
INFO: [Vivado 12-7989] Please ensure there are no constraint changes
Command: synth_design -top multifunctionRegister -part xc7a35tcpg236-1
Starting synth_design
Attempting to get a license for feature 'Synthesis' and/or device 'xc7a35t'
INFO: [Common 17-349] Got license for feature 'Synthesis' and/or device 'xc7a35t'
INFO: [Device 21-403] Loading part xc7a35tcpg236-1
INFO: [Synth 8-7079] Multithreading enabled for synth_design using a maximum of 2 processes.
INFO: [Synth 8-7078] Launching helper process for spawning children vivado processes
INFO: [Synth 8-7075] Helper process launched with PID 19716
---------------------------------------------------------------------------------
Starting RTL Elaboration : Time (s): cpu = 00:00:03 ; elapsed = 00:00:06 . Memory (MB): peak = 1319.461 ; gain = 439.586
---------------------------------------------------------------------------------
WARNING: [Synth 8-9448] extra semicolon in $unit (global) scope [C:/Users/pamuk/Desktop/CS docs/CS-223/Lab04/project_1/project_1.srcs/sources_1/new/clkDivider.sv:13]
INFO: [Synth 8-6157] synthesizing module 'multifunctionRegister' [C:/Users/pamuk/Desktop/CS docs/CS-223/Lab04/project_1/project_1.srcs/sources_1/new/multifunctionRegister.sv:23]
INFO: [Synth 8-6157] synthesizing module 'mux4to1' [C:/Users/pamuk/Desktop/CS docs/CS-223/Lab03/Lab03.srcs/sources_1/new/mux4to1.sv:23]
INFO: [Synth 8-6155] done synthesizing module 'mux4to1' (0#1) [C:/Users/pamuk/Desktop/CS docs/CS-223/Lab03/Lab03.srcs/sources_1/new/mux4to1.sv:23]
INFO: [Synth 8-6157] synthesizing module 'DFlipFlop' [C:/Users/pamuk/Desktop/CS docs/CS-223/Lab04/project_1/project_1.srcs/sources_1/new/FlipFlop.sv:23]
INFO: [Synth 8-6157] synthesizing module 'clkDivider' [C:/Users/pamuk/Desktop/CS docs/CS-223/Lab04/project_1/project_1.srcs/sources_1/new/clkDivider.sv:1]
WARNING: [Synth 8-6090] variable 'counter' is written by both blocking and non-blocking assignments, entire logic could be removed [C:/Users/pamuk/Desktop/CS docs/CS-223/Lab04/project_1/project_1.srcs/sources_1/new/clkDivider.sv:10]
INFO: [Synth 8-6155] done synthesizing module 'clkDivider' (0#1) [C:/Users/pamuk/Desktop/CS docs/CS-223/Lab04/project_1/project_1.srcs/sources_1/new/clkDivider.sv:1]
INFO: [Synth 8-6155] done synthesizing module 'DFlipFlop' (0#1) [C:/Users/pamuk/Desktop/CS docs/CS-223/Lab04/project_1/project_1.srcs/sources_1/new/FlipFlop.sv:23]
INFO: [Synth 8-6155] done synthesizing module 'multifunctionRegister' (0#1) [C:/Users/pamuk/Desktop/CS docs/CS-223/Lab04/project_1/project_1.srcs/sources_1/new/multifunctionRegister.sv:23]
---------------------------------------------------------------------------------
Finished RTL Elaboration : Time (s): cpu = 00:00:04 ; elapsed = 00:00:08 . Memory (MB): peak = 1425.918 ; gain = 546.043
---------------------------------------------------------------------------------
---------------------------------------------------------------------------------
Start Handling Custom Attributes
---------------------------------------------------------------------------------
---------------------------------------------------------------------------------
Finished Handling Custom Attributes : Time (s): cpu = 00:00:04 ; elapsed = 00:00:08 . Memory (MB): peak = 1425.918 ; gain = 546.043
---------------------------------------------------------------------------------
---------------------------------------------------------------------------------
Finished RTL Optimization Phase 1 : Time (s): cpu = 00:00:04 ; elapsed = 00:00:08 . Memory (MB): peak = 1425.918 ; gain = 546.043
---------------------------------------------------------------------------------
Netlist sorting complete. Time (s): cpu = 00:00:00 ; elapsed = 00:00:00.001 . Memory (MB): peak = 1425.918 ; gain = 0.000
INFO: [Project 1-570] Preparing netlist for logic optimization

Processing XDC Constraints
Initializing timing engine
Parsing XDC File [C:/Users/pamuk/Desktop/CS docs/CS-223/Lab04/project_1/project_1.srcs/constrs_1/new/Basys3Part1.xdc]
Finished Parsing XDC File [C:/Users/pamuk/Desktop/CS docs/CS-223/Lab04/project_1/project_1.srcs/constrs_1/new/Basys3Part1.xdc]
INFO: [Project 1-236] Implementation specific constraints were found while reading constraint file [C:/Users/pamuk/Desktop/CS docs/CS-223/Lab04/project_1/project_1.srcs/constrs_1/new/Basys3Part1.xdc]. These constraints will be ignored for synthesis but will be used in implementation. Impacted constraints are listed in the file [.Xil/multifunctionRegister_propImpl.xdc].
Resolution: To avoid this warning, move constraints listed in [.Xil/multifunctionRegister_propImpl.xdc] to another XDC file and exclude this new file from synthesis with the used_in_synthesis property (File Properties dialog in GUI) and re-run elaboration/synthesis.
Completed Processing XDC Constraints

Netlist sorting complete. Time (s): cpu = 00:00:00 ; elapsed = 00:00:00 . Memory (MB): peak = 1524.535 ; gain = 0.000
INFO: [Project 1-111] Unisim Transformation Summary:
No Unisim elements were transformed.

Access is denied.
Constraint Validation Runtime : Time (s): cpu = 00:00:00 ; elapsed = 00:00:00.003 . Memory (MB): peak = 1524.535 ; gain = 0.000
---------------------------------------------------------------------------------
Finished Constraint Validation : Time (s): cpu = 00:00:10 ; elapsed = 00:00:16 . Memory (MB): peak = 1524.535 ; gain = 644.660
---------------------------------------------------------------------------------
---------------------------------------------------------------------------------
Start Loading Part and Timing Information
---------------------------------------------------------------------------------
Loading part: xc7a35tcpg236-1
---------------------------------------------------------------------------------
Finished Loading Part and Timing Information : Time (s): cpu = 00:00:10 ; elapsed = 00:00:16 . Memory (MB): peak = 1524.535 ; gain = 644.660
---------------------------------------------------------------------------------
---------------------------------------------------------------------------------
Start Applying 'set_property' XDC Constraints
---------------------------------------------------------------------------------
---------------------------------------------------------------------------------
Finished applying 'set_property' XDC Constraints : Time (s): cpu = 00:00:10 ; elapsed = 00:00:16 . Memory (MB): peak = 1524.535 ; gain = 644.660
---------------------------------------------------------------------------------
---------------------------------------------------------------------------------
Start Preparing Guide Design
---------------------------------------------------------------------------------
CRITICAL WARNING: [Synth 8-6895] The reference checkpoint C:/Users/pamuk/Desktop/CS docs/CS-223/Lab04/project_1/project_1.srcs/utils_1/imports/synth_1/multifunctionRegister.dcp is not suitable for use with incremental synthesis for this design. Please regenerate the checkpoint for this design with -incremental_synth switch in the same Vivado session that synth_design has been run. Synthesis will continue with the default flow
---------------------------------------------------------------------------------
Finished Doing Graph Differ : Time (s): cpu = 00:00:10 ; elapsed = 00:00:16 . Memory (MB): peak = 1524.535 ; gain = 644.660
---------------------------------------------------------------------------------
---------------------------------------------------------------------------------
Finished Preparing Guide Design : Time (s): cpu = 00:00:10 ; elapsed = 00:00:16 . Memory (MB): peak = 1524.535 ; gain = 644.660
---------------------------------------------------------------------------------
---------------------------------------------------------------------------------
Finished RTL Optimization Phase 2 : Time (s): cpu = 00:00:10 ; elapsed = 00:00:16 . Memory (MB): peak = 1524.535 ; gain = 644.660
---------------------------------------------------------------------------------


Incremental Synthesis Report Summary:

1. Incremental synthesis run: no

   Reason for not running incremental synthesis : 


INFO: [Synth 8-7130] Flow is switching to default flow due to incremental criteria not met. If you would like to alter this behaviour and have the flow terminate instead, please set the following parameter config_implementation {autoIncr.Synth.RejectBehavior Terminate}
---------------------------------------------------------------------------------
Start RTL Component Statistics 
---------------------------------------------------------------------------------
Detailed RTL Component Info : 
+---Adders : 
	   2 Input   32 Bit       Adders := 4     
+---Registers : 
	                1 Bit    Registers := 8     
+---Muxes : 
	   2 Input    1 Bit        Muxes := 12    
---------------------------------------------------------------------------------
Finished RTL Component Statistics 
---------------------------------------------------------------------------------
---------------------------------------------------------------------------------
Start Part Resource Summary
---------------------------------------------------------------------------------
Part Resources:
DSPs: 90 (col length:60)
BRAMs: 100 (col length: RAMB18 60 RAMB36 30)
---------------------------------------------------------------------------------
Finished Part Resource Summary
---------------------------------------------------------------------------------
---------------------------------------------------------------------------------
Start Cross Boundary and Area Optimization
---------------------------------------------------------------------------------
WARNING: [Synth 8-7080] Parallel synthesis criteria is not met
---------------------------------------------------------------------------------
Finished Cross Boundary and Area Optimization : Time (s): cpu = 00:00:11 ; elapsed = 00:00:18 . Memory (MB): peak = 1524.535 ; gain = 644.660
---------------------------------------------------------------------------------
---------------------------------------------------------------------------------
Start Applying XDC Timing Constraints
---------------------------------------------------------------------------------
---------------------------------------------------------------------------------
Finished Applying XDC Timing Constraints : Time (s): cpu = 00:00:16 ; elapsed = 00:00:24 . Memory (MB): peak = 1524.535 ; gain = 644.660
---------------------------------------------------------------------------------
---------------------------------------------------------------------------------
Start Timing Optimization
---------------------------------------------------------------------------------
---------------------------------------------------------------------------------
Finished Timing Optimization : Time (s): cpu = 00:00:16 ; elapsed = 00:00:24 . Memory (MB): peak = 1524.535 ; gain = 644.660
---------------------------------------------------------------------------------
---------------------------------------------------------------------------------
Start Technology Mapping
---------------------------------------------------------------------------------
---------------------------------------------------------------------------------
Finished Technology Mapping : Time (s): cpu = 00:00:16 ; elapsed = 00:00:24 . Memory (MB): peak = 1524.535 ; gain = 644.660
---------------------------------------------------------------------------------
---------------------------------------------------------------------------------
Start IO Insertion
---------------------------------------------------------------------------------
---------------------------------------------------------------------------------
Start Flattening Before IO Insertion
---------------------------------------------------------------------------------
---------------------------------------------------------------------------------
Finished Flattening Before IO Insertion
---------------------------------------------------------------------------------
---------------------------------------------------------------------------------
Start Final Netlist Cleanup
---------------------------------------------------------------------------------
---------------------------------------------------------------------------------
Finished Final Netlist Cleanup
---------------------------------------------------------------------------------
---------------------------------------------------------------------------------
Finished IO Insertion : Time (s): cpu = 00:00:19 ; elapsed = 00:00:28 . Memory (MB): peak = 1524.535 ; gain = 644.660
---------------------------------------------------------------------------------
---------------------------------------------------------------------------------
Start Renaming Generated Instances
---------------------------------------------------------------------------------
---------------------------------------------------------------------------------
Finished Renaming Generated Instances : Time (s): cpu = 00:00:19 ; elapsed = 00:00:28 . Memory (MB): peak = 1524.535 ; gain = 644.660
---------------------------------------------------------------------------------
---------------------------------------------------------------------------------
Start Rebuilding User Hierarchy
---------------------------------------------------------------------------------
---------------------------------------------------------------------------------
Finished Rebuilding User Hierarchy : Time (s): cpu = 00:00:19 ; elapsed = 00:00:28 . Memory (MB): peak = 1524.535 ; gain = 644.660
---------------------------------------------------------------------------------
---------------------------------------------------------------------------------
Start Renaming Generated Ports
---------------------------------------------------------------------------------
---------------------------------------------------------------------------------
Finished Renaming Generated Ports : Time (s): cpu = 00:00:19 ; elapsed = 00:00:28 . Memory (MB): peak = 1524.535 ; gain = 644.660
---------------------------------------------------------------------------------
---------------------------------------------------------------------------------
Start Handling Custom Attributes
---------------------------------------------------------------------------------
---------------------------------------------------------------------------------
Finished Handling Custom Attributes : Time (s): cpu = 00:00:19 ; elapsed = 00:00:28 . Memory (MB): peak = 1524.535 ; gain = 644.660
---------------------------------------------------------------------------------
---------------------------------------------------------------------------------
Start Renaming Generated Nets
---------------------------------------------------------------------------------
---------------------------------------------------------------------------------
Finished Renaming Generated Nets : Time (s): cpu = 00:00:19 ; elapsed = 00:00:28 . Memory (MB): peak = 1524.535 ; gain = 644.660
---------------------------------------------------------------------------------
---------------------------------------------------------------------------------
Start Writing Synthesis Report
---------------------------------------------------------------------------------

Report BlackBoxes: 
+-+--------------+----------+
| |BlackBox name |Instances |
+-+--------------+----------+
+-+--------------+----------+

Report Cell Usage: 
+------+-------+------+
|      |Cell   |Count |
+------+-------+------+
|1     |BUFG   |     1|
|2     |CARRY4 |    80|
|3     |LUT1   |     4|
|4     |LUT2   |   116|
|5     |LUT6   |     4|
|6     |FDRE   |   136|
|7     |IBUF   |     9|
|8     |OBUF   |     4|
+------+-------+------+
---------------------------------------------------------------------------------
Finished Writing Synthesis Report : Time (s): cpu = 00:00:19 ; elapsed = 00:00:28 . Memory (MB): peak = 1524.535 ; gain = 644.660
---------------------------------------------------------------------------------
Synthesis finished with 0 errors, 1 critical warnings and 1 warnings.
Synthesis Optimization Runtime : Time (s): cpu = 00:00:14 ; elapsed = 00:00:27 . Memory (MB): peak = 1524.535 ; gain = 546.043
Synthesis Optimization Complete : Time (s): cpu = 00:00:19 ; elapsed = 00:00:28 . Memory (MB): peak = 1524.535 ; gain = 644.660
INFO: [Project 1-571] Translating synthesized netlist
Netlist sorting complete. Time (s): cpu = 00:00:00 ; elapsed = 00:00:00.005 . Memory (MB): peak = 1524.535 ; gain = 0.000
INFO: [Netlist 29-17] Analyzing 80 Unisim elements for replacement
INFO: [Netlist 29-28] Unisim Transformation completed in 0 CPU seconds
INFO: [Project 1-570] Preparing netlist for logic optimization
INFO: [Opt 31-138] Pushed 0 inverter(s) to 0 load pin(s).
Netlist sorting complete. Time (s): cpu = 00:00:00 ; elapsed = 00:00:00 . Memory (MB): peak = 1524.535 ; gain = 0.000
INFO: [Project 1-111] Unisim Transformation Summary:
No Unisim elements were transformed.

Access is denied.
Synth Design complete | Checksum: c933d15c
INFO: [Common 17-83] Releasing license: Synthesis
26 Infos, 3 Warnings, 1 Critical Warnings and 0 Errors encountered.
synth_design completed successfully
synth_design: Time (s): cpu = 00:00:23 ; elapsed = 00:00:34 . Memory (MB): peak = 1524.535 ; gain = 1036.371
INFO: [runtcl-6] Synthesis results are not added to the cache due to CRITICAL_WARNING
Write ShapeDB Complete: Time (s): cpu = 00:00:00 ; elapsed = 00:00:00.004 . Memory (MB): peak = 1524.535 ; gain = 0.000
INFO: [Common 17-1381] The checkpoint 'C:/Users/pamuk/Desktop/CS docs/CS-223/Lab04/project_1/project_1.runs/synth_1/multifunctionRegister.dcp' has been generated.
INFO: [runtcl-4] Executing : report_utilization -file multifunctionRegister_utilization_synth.rpt -pb multifunctionRegister_utilization_synth.pb
INFO: [Common 17-206] Exiting Vivado at Thu Apr 18 13:59:39 2024...
